<?xml version="1.0" encoding="UTF-8"?>
<coverage generated="1492020891530" clover="3.2.0">
  <project timestamp="1492020891531" name="All files">
    <metrics statements="982" coveredstatements="164" conditionals="1314" coveredconditionals="49" methods="476" coveredmethods="34" elements="2772" coveredelements="247" complexity="0" loc="982" ncloc="982" packages="13" files="35" classes="35">
      <package name="dist">
        <metrics statements="431" coveredstatements="158" conditionals="196" coveredconditionals="48" methods="90" coveredmethods="30"/>
        <file name="background.js" path="/Users/markhayden/go/src/github.com/markhayden/lytics-stealth/dist/background.js">
          <metrics statements="56" coveredstatements="0" conditionals="26" coveredconditionals="0" methods="14" coveredmethods="0"/>
          <line num="1" count="0" type="stmt"/>
          <line num="3" count="0" type="stmt"/>
          <line num="9" count="0" type="cond" truecount="0" falsecount="2"/>
          <line num="10" count="0" type="stmt"/>
          <line num="13" count="0" type="stmt"/>
          <line num="20" count="0" type="stmt"/>
          <line num="23" count="0" type="stmt"/>
          <line num="26" count="0" type="stmt"/>
          <line num="31" count="0" type="stmt"/>
          <line num="34" count="0" type="stmt"/>
          <line num="37" count="0" type="stmt"/>
          <line num="40" count="0" type="stmt"/>
          <line num="47" count="0" type="stmt"/>
          <line num="58" count="0" type="stmt"/>
          <line num="60" count="0" type="cond" truecount="0" falsecount="4"/>
          <line num="62" count="0" type="stmt"/>
          <line num="67" count="0" type="stmt"/>
          <line num="69" count="0" type="stmt"/>
          <line num="74" count="0" type="stmt"/>
          <line num="77" count="0" type="cond" truecount="0" falsecount="4"/>
          <line num="80" count="0" type="stmt"/>
          <line num="81" count="0" type="cond" truecount="0" falsecount="2"/>
          <line num="82" count="0" type="stmt"/>
          <line num="84" count="0" type="stmt"/>
          <line num="87" count="0" type="stmt"/>
          <line num="88" count="0" type="stmt"/>
          <line num="89" count="0" type="stmt"/>
          <line num="91" count="0" type="stmt"/>
          <line num="93" count="0" type="stmt"/>
          <line num="97" count="0" type="stmt"/>
          <line num="98" count="0" type="stmt"/>
          <line num="102" count="0" type="stmt"/>
          <line num="103" count="0" type="cond" truecount="0" falsecount="2"/>
          <line num="104" count="0" type="stmt"/>
          <line num="106" count="0" type="cond" truecount="0" falsecount="2"/>
          <line num="107" count="0" type="stmt"/>
          <line num="109" count="0" type="stmt"/>
          <line num="112" count="0" type="stmt"/>
          <line num="118" count="0" type="stmt"/>
          <line num="119" count="0" type="cond" truecount="0" falsecount="2"/>
          <line num="120" count="0" type="stmt"/>
          <line num="121" count="0" type="stmt"/>
          <line num="122" count="0" type="stmt"/>
          <line num="124" count="0" type="cond" truecount="0" falsecount="2"/>
          <line num="130" count="0" type="stmt"/>
          <line num="131" count="0" type="stmt"/>
          <line num="135" count="0" type="stmt"/>
          <line num="136" count="0" type="stmt"/>
          <line num="140" count="0" type="stmt"/>
          <line num="141" count="0" type="stmt"/>
          <line num="142" count="0" type="stmt"/>
          <line num="143" count="0" type="cond" truecount="0" falsecount="4"/>
          <line num="144" count="0" type="stmt"/>
          <line num="145" count="0" type="cond" truecount="0" falsecount="2"/>
          <line num="146" count="0" type="stmt"/>
          <line num="148" count="0" type="stmt"/>
        </file>
        <file name="contentinit.js" path="/Users/markhayden/go/src/github.com/markhayden/lytics-stealth/dist/contentinit.js">
          <metrics statements="84" coveredstatements="0" conditionals="36" coveredconditionals="0" methods="15" coveredmethods="0"/>
          <line num="1" count="0" type="stmt"/>
          <line num="3" count="0" type="stmt"/>
          <line num="9" count="0" type="cond" truecount="0" falsecount="2"/>
          <line num="10" count="0" type="stmt"/>
          <line num="13" count="0" type="stmt"/>
          <line num="20" count="0" type="stmt"/>
          <line num="23" count="0" type="stmt"/>
          <line num="26" count="0" type="stmt"/>
          <line num="31" count="0" type="stmt"/>
          <line num="34" count="0" type="stmt"/>
          <line num="37" count="0" type="stmt"/>
          <line num="40" count="0" type="stmt"/>
          <line num="47" count="0" type="stmt"/>
          <line num="57" count="0" type="stmt"/>
          <line num="62" count="0" type="stmt"/>
          <line num="64" count="0" type="cond" truecount="0" falsecount="2"/>
          <line num="65" count="0" type="stmt"/>
          <line num="68" count="0" type="cond" truecount="0" falsecount="2"/>
          <line num="69" count="0" type="stmt"/>
          <line num="70" count="0" type="stmt"/>
          <line num="74" count="0" type="stmt"/>
          <line num="76" count="0" type="stmt"/>
          <line num="77" count="0" type="stmt"/>
          <line num="79" count="0" type="cond" truecount="0" falsecount="2"/>
          <line num="80" count="0" type="stmt"/>
          <line num="83" count="0" type="stmt"/>
          <line num="85" count="0" type="stmt"/>
          <line num="88" count="0" type="stmt"/>
          <line num="92" count="0" type="stmt"/>
          <line num="93" count="0" type="stmt"/>
          <line num="94" count="0" type="cond" truecount="0" falsecount="2"/>
          <line num="95" count="0" type="stmt"/>
          <line num="96" count="0" type="stmt"/>
          <line num="97" count="0" type="stmt"/>
          <line num="100" count="0" type="stmt"/>
          <line num="103" count="0" type="stmt"/>
          <line num="104" count="0" type="stmt"/>
          <line num="105" count="0" type="stmt"/>
          <line num="108" count="0" type="stmt"/>
          <line num="109" count="0" type="stmt"/>
          <line num="110" count="0" type="stmt"/>
          <line num="112" count="0" type="cond" truecount="0" falsecount="2"/>
          <line num="113" count="0" type="stmt"/>
          <line num="114" count="0" type="stmt"/>
          <line num="117" count="0" type="stmt"/>
          <line num="119" count="0" type="stmt"/>
          <line num="122" count="0" type="stmt"/>
          <line num="126" count="0" type="stmt"/>
          <line num="127" count="0" type="stmt"/>
          <line num="129" count="0" type="stmt"/>
          <line num="130" count="0" type="stmt"/>
          <line num="131" count="0" type="stmt"/>
          <line num="134" count="0" type="cond" truecount="0" falsecount="2"/>
          <line num="135" count="0" type="stmt"/>
          <line num="140" count="0" type="stmt"/>
          <line num="141" count="0" type="cond" truecount="0" falsecount="2"/>
          <line num="142" count="0" type="stmt"/>
          <line num="145" count="0" type="cond" truecount="0" falsecount="2"/>
          <line num="146" count="0" type="stmt"/>
          <line num="148" count="0" type="stmt"/>
          <line num="149" count="0" type="stmt"/>
          <line num="153" count="0" type="stmt"/>
          <line num="154" count="0" type="stmt"/>
          <line num="155" count="0" type="cond" truecount="0" falsecount="2"/>
          <line num="156" count="0" type="stmt"/>
          <line num="157" count="0" type="stmt"/>
          <line num="162" count="0" type="cond" truecount="0" falsecount="4"/>
          <line num="163" count="0" type="stmt"/>
          <line num="164" count="0" type="stmt"/>
          <line num="165" count="0" type="stmt"/>
          <line num="167" count="0" type="stmt"/>
          <line num="168" count="0" type="stmt"/>
          <line num="169" count="0" type="stmt"/>
          <line num="170" count="0" type="stmt"/>
          <line num="171" count="0" type="stmt"/>
          <line num="174" count="0" type="stmt"/>
          <line num="175" count="0" type="stmt"/>
          <line num="179" count="0" type="stmt"/>
          <line num="182" count="0" type="cond" truecount="0" falsecount="12"/>
          <line num="183" count="0" type="stmt"/>
          <line num="186" count="0" type="stmt"/>
          <line num="189" count="0" type="stmt"/>
          <line num="190" count="0" type="stmt"/>
          <line num="191" count="0" type="stmt"/>
        </file>
        <file name="contentlytics.js" path="/Users/markhayden/go/src/github.com/markhayden/lytics-stealth/dist/contentlytics.js">
          <metrics statements="29" coveredstatements="0" conditionals="10" coveredconditionals="0" methods="16" coveredmethods="0"/>
          <line num="1" count="0" type="stmt"/>
          <line num="3" count="0" type="stmt"/>
          <line num="9" count="0" type="cond" truecount="0" falsecount="2"/>
          <line num="10" count="0" type="stmt"/>
          <line num="13" count="0" type="stmt"/>
          <line num="20" count="0" type="stmt"/>
          <line num="23" count="0" type="stmt"/>
          <line num="26" count="0" type="stmt"/>
          <line num="31" count="0" type="stmt"/>
          <line num="34" count="0" type="stmt"/>
          <line num="37" count="0" type="stmt"/>
          <line num="40" count="0" type="stmt"/>
          <line num="47" count="0" type="stmt"/>
          <line num="57" count="0" type="stmt"/>
          <line num="59" count="0" type="cond" truecount="0" falsecount="2"/>
          <line num="60" count="0" type="stmt"/>
          <line num="63" count="0" type="cond" truecount="0" falsecount="2"/>
          <line num="64" count="0" type="stmt"/>
          <line num="65" count="0" type="stmt"/>
          <line num="69" count="0" type="stmt"/>
          <line num="71" count="0" type="stmt"/>
          <line num="73" count="0" type="cond" truecount="0" falsecount="2"/>
          <line num="74" count="0" type="stmt"/>
          <line num="75" count="0" type="cond" truecount="0" falsecount="2"/>
          <line num="76" count="0" type="stmt"/>
          <line num="80" count="0" type="stmt"/>
          <line num="81" count="0" type="stmt"/>
          <line num="82" count="0" type="stmt"/>
          <line num="83" count="0" type="stmt"/>
        </file>
        <file name="stealth.js" path="/Users/markhayden/go/src/github.com/markhayden/lytics-stealth/dist/stealth.js">
          <metrics statements="262" coveredstatements="158" conditionals="124" coveredconditionals="48" methods="45" coveredmethods="30"/>
          <line num="1" count="2" type="stmt"/>
          <line num="3" count="2" type="stmt"/>
          <line num="9" count="8" type="cond" truecount="1" falsecount="1"/>
          <line num="10" count="0" type="stmt"/>
          <line num="13" count="8" type="stmt"/>
          <line num="20" count="8" type="stmt"/>
          <line num="23" count="8" type="stmt"/>
          <line num="26" count="8" type="stmt"/>
          <line num="31" count="2" type="stmt"/>
          <line num="34" count="2" type="stmt"/>
          <line num="37" count="2" type="stmt"/>
          <line num="40" count="2" type="stmt"/>
          <line num="48" count="2" type="stmt"/>
          <line num="56" count="2" type="stmt"/>
          <line num="59" count="2" type="cond" truecount="2" falsecount="0"/>
          <line num="60" count="2" type="stmt"/>
          <line num="61" count="2" type="stmt"/>
          <line num="68" count="2" type="stmt"/>
          <line num="88" count="2" type="stmt"/>
          <line num="98" count="2" type="stmt"/>
          <line num="100" count="2" type="stmt"/>
          <line num="102" count="2" type="stmt"/>
          <line num="103" count="11" type="stmt"/>
          <line num="104" count="11" type="stmt"/>
          <line num="106" count="11" type="cond" truecount="5" falsecount="0"/>
          <line num="108" count="7" type="cond" truecount="1" falsecount="1"/>
          <line num="109" count="7" type="stmt"/>
          <line num="111" count="7" type="stmt"/>
          <line num="113" count="1" type="stmt"/>
          <line num="114" count="1" type="stmt"/>
          <line num="116" count="1" type="stmt"/>
          <line num="117" count="1" type="stmt"/>
          <line num="119" count="1" type="stmt"/>
          <line num="120" count="1" type="stmt"/>
          <line num="122" count="1" type="stmt"/>
          <line num="125" count="10" type="stmt"/>
          <line num="133" count="2" type="stmt"/>
          <line num="135" count="2" type="stmt"/>
          <line num="136" count="6" type="stmt"/>
          <line num="137" count="6" type="stmt"/>
          <line num="139" count="6" type="stmt"/>
          <line num="140" count="6" type="cond" truecount="1" falsecount="1"/>
          <line num="141" count="6" type="stmt"/>
          <line num="143" count="6" type="stmt"/>
          <line num="147" count="2" type="stmt"/>
          <line num="148" count="2" type="stmt"/>
          <line num="149" count="2" type="cond" truecount="1" falsecount="1"/>
          <line num="150" count="2" type="stmt"/>
          <line num="152" count="2" type="stmt"/>
          <line num="156" count="2" type="stmt"/>
          <line num="158" count="5" type="stmt"/>
          <line num="162" count="2" type="stmt"/>
          <line num="164" count="1" type="stmt"/>
          <line num="165" count="1" type="stmt"/>
          <line num="166" count="1" type="stmt"/>
          <line num="176" count="2" type="stmt"/>
          <line num="177" count="1" type="cond" truecount="1" falsecount="1"/>
          <line num="178" count="1" type="stmt"/>
          <line num="180" count="1" type="cond" truecount="1" falsecount="1"/>
          <line num="182" count="1" type="cond" truecount="1" falsecount="1"/>
          <line num="183" count="0" type="stmt"/>
          <line num="184" count="0" type="stmt"/>
          <line num="185" count="0" type="stmt"/>
          <line num="191" count="0" type="stmt"/>
          <line num="194" count="1" type="stmt"/>
          <line num="200" count="1" type="stmt"/>
          <line num="205" count="0" type="stmt"/>
          <line num="216" count="2" type="stmt"/>
          <line num="218" count="2" type="cond" truecount="3" falsecount="1"/>
          <line num="219" count="0" type="stmt"/>
          <line num="222" count="2" type="cond" truecount="1" falsecount="1"/>
          <line num="223" count="0" type="stmt"/>
          <line num="226" count="2" type="cond" truecount="1" falsecount="1"/>
          <line num="227" count="0" type="stmt"/>
          <line num="230" count="2" type="stmt"/>
          <line num="231" count="2" type="cond" truecount="4" falsecount="0"/>
          <line num="232" count="1" type="cond" truecount="1" falsecount="1"/>
          <line num="233" count="1" type="stmt"/>
          <line num="235" count="1" type="stmt"/>
          <line num="238" count="1" type="cond" truecount="1" falsecount="1"/>
          <line num="239" count="1" type="stmt"/>
          <line num="242" count="1" type="stmt"/>
          <line num="245" count="3" type="cond" truecount="1" falsecount="1"/>
          <line num="246" count="0" type="stmt"/>
          <line num="247" count="0" type="stmt"/>
          <line num="250" count="3" type="cond" truecount="1" falsecount="1"/>
          <line num="251" count="0" type="stmt"/>
          <line num="254" count="3" type="stmt"/>
          <line num="255" count="3" type="cond" truecount="2" falsecount="0"/>
          <line num="256" count="2" type="stmt"/>
          <line num="258" count="2" type="cond" truecount="1" falsecount="1"/>
          <line num="259" count="2" type="stmt"/>
          <line num="261" count="2" type="stmt"/>
          <line num="264" count="1" type="cond" truecount="1" falsecount="1"/>
          <line num="265" count="1" type="stmt"/>
          <line num="267" count="1" type="stmt"/>
          <line num="270" count="1" type="cond" truecount="1" falsecount="1"/>
          <line num="271" count="0" type="stmt"/>
          <line num="274" count="1" type="stmt"/>
          <line num="275" count="1" type="cond" truecount="1" falsecount="1"/>
          <line num="276" count="1" type="stmt"/>
          <line num="278" count="1" type="cond" truecount="1" falsecount="1"/>
          <line num="279" count="1" type="stmt"/>
          <line num="281" count="1" type="stmt"/>
          <line num="284" count="0" type="cond" truecount="0" falsecount="2"/>
          <line num="285" count="0" type="stmt"/>
          <line num="287" count="0" type="stmt"/>
          <line num="290" count="11" type="cond" truecount="2" falsecount="0"/>
          <line num="291" count="1" type="stmt"/>
          <line num="294" count="10" type="cond" truecount="2" falsecount="0"/>
          <line num="295" count="6" type="stmt"/>
          <line num="297" count="4" type="stmt"/>
          <line num="307" count="2" type="stmt"/>
          <line num="309" count="2" type="cond" truecount="1" falsecount="1"/>
          <line num="310" count="0" type="cond" truecount="0" falsecount="2"/>
          <line num="313" count="2" type="cond" truecount="1" falsecount="1"/>
          <line num="314" count="2" type="stmt"/>
          <line num="316" count="0" type="stmt"/>
          <line num="320" count="2" type="cond" truecount="2" falsecount="0"/>
          <line num="321" count="1" type="stmt"/>
          <line num="323" count="2" type="stmt"/>
          <line num="324" count="2" type="stmt"/>
          <line num="332" count="2" type="stmt"/>
          <line num="334" count="2" type="stmt"/>
          <line num="335" count="2" type="stmt"/>
          <line num="336" count="2" type="stmt"/>
          <line num="339" count="2" type="stmt"/>
          <line num="340" count="0" type="stmt"/>
          <line num="343" count="2" type="stmt"/>
          <line num="345" count="3" type="stmt"/>
          <line num="346" count="3" type="cond" truecount="1" falsecount="1"/>
          <line num="347" count="0" type="stmt"/>
          <line num="351" count="3" type="stmt"/>
          <line num="352" count="3" type="cond" truecount="1" falsecount="1"/>
          <line num="353" count="3" type="stmt"/>
          <line num="356" count="0" type="stmt"/>
          <line num="359" count="2" type="stmt"/>
          <line num="361" count="0" type="stmt"/>
          <line num="363" count="0" type="stmt"/>
          <line num="364" count="0" type="cond" truecount="0" falsecount="2"/>
          <line num="365" count="0" type="stmt"/>
          <line num="366" count="0" type="stmt"/>
          <line num="370" count="0" type="cond" truecount="0" falsecount="2"/>
          <line num="371" count="0" type="cond" truecount="0" falsecount="2"/>
          <line num="372" count="0" type="stmt"/>
          <line num="373" count="0" type="stmt"/>
          <line num="377" count="0" type="cond" truecount="0" falsecount="2"/>
          <line num="378" count="0" type="stmt"/>
          <line num="379" count="0" type="stmt"/>
          <line num="380" count="0" type="stmt"/>
          <line num="383" count="0" type="stmt"/>
          <line num="386" count="0" type="cond" truecount="0" falsecount="4"/>
          <line num="387" count="0" type="cond" truecount="0" falsecount="2"/>
          <line num="389" count="0" type="stmt"/>
          <line num="390" count="0" type="cond" truecount="0" falsecount="2"/>
          <line num="391" count="0" type="stmt"/>
          <line num="394" count="0" type="stmt"/>
          <line num="397" count="0" type="stmt"/>
          <line num="400" count="0" type="stmt"/>
          <line num="402" count="0" type="stmt"/>
          <line num="406" count="2" type="stmt"/>
          <line num="407" count="0" type="stmt"/>
          <line num="408" count="0" type="stmt"/>
          <line num="411" count="2" type="stmt"/>
          <line num="412" count="0" type="stmt"/>
          <line num="413" count="0" type="stmt"/>
          <line num="415" count="0" type="stmt"/>
          <line num="416" count="0" type="cond" truecount="0" falsecount="4"/>
          <line num="417" count="0" type="stmt"/>
          <line num="421" count="0" type="stmt"/>
          <line num="429" count="2" type="stmt"/>
          <line num="431" count="2" type="stmt"/>
          <line num="432" count="0" type="stmt"/>
          <line num="435" count="0" type="cond" truecount="0" falsecount="2"/>
          <line num="436" count="0" type="stmt"/>
          <line num="439" count="0" type="stmt"/>
          <line num="442" count="2" type="stmt"/>
          <line num="443" count="0" type="stmt"/>
          <line num="446" count="2" type="stmt"/>
          <line num="448" count="0" type="stmt"/>
          <line num="453" count="0" type="stmt"/>
          <line num="454" count="0" type="cond" truecount="0" falsecount="2"/>
          <line num="455" count="0" type="stmt"/>
          <line num="456" count="0" type="stmt"/>
          <line num="460" count="0" type="cond" truecount="0" falsecount="2"/>
          <line num="461" count="0" type="stmt"/>
          <line num="463" count="0" type="stmt"/>
          <line num="464" count="0" type="stmt"/>
          <line num="467" count="0" type="stmt"/>
          <line num="468" count="0" type="stmt"/>
          <line num="471" count="2" type="stmt"/>
          <line num="473" count="0" type="stmt"/>
          <line num="476" count="0" type="stmt"/>
          <line num="479" count="2" type="stmt"/>
          <line num="480" count="0" type="stmt"/>
          <line num="482" count="0" type="stmt"/>
          <line num="484" count="0" type="cond" truecount="0" falsecount="2"/>
          <line num="485" count="0" type="stmt"/>
          <line num="488" count="0" type="stmt"/>
          <line num="492" count="0" type="cond" truecount="0" falsecount="5"/>
          <line num="493" count="0" type="stmt"/>
          <line num="494" count="0" type="stmt"/>
          <line num="496" count="0" type="stmt"/>
          <line num="497" count="0" type="cond" truecount="0" falsecount="2"/>
          <line num="498" count="0" type="stmt"/>
          <line num="500" count="0" type="stmt"/>
          <line num="505" count="0" type="stmt"/>
          <line num="508" count="0" type="cond" truecount="0" falsecount="2"/>
          <line num="509" count="0" type="stmt"/>
          <line num="513" count="0" type="cond" truecount="0" falsecount="4"/>
          <line num="514" count="0" type="stmt"/>
          <line num="515" count="0" type="stmt"/>
          <line num="519" count="0" type="stmt"/>
          <line num="520" count="0" type="stmt"/>
          <line num="523" count="0" type="stmt"/>
          <line num="534" count="2" type="stmt"/>
          <line num="536" count="1" type="stmt"/>
          <line num="537" count="1" type="stmt"/>
          <line num="539" count="1" type="stmt"/>
          <line num="540" count="0" type="cond" truecount="0" falsecount="2"/>
          <line num="541" count="0" type="stmt"/>
          <line num="545" count="1" type="stmt"/>
          <line num="546" count="1" type="stmt"/>
          <line num="550" count="2" type="stmt"/>
          <line num="551" count="4" type="stmt"/>
          <line num="554" count="2" type="stmt"/>
          <line num="555" count="0" type="stmt"/>
          <line num="558" count="2" type="stmt"/>
          <line num="559" count="2" type="stmt"/>
          <line num="560" count="2" type="stmt"/>
          <line num="561" count="2" type="stmt"/>
          <line num="562" count="2" type="stmt"/>
          <line num="565" count="2" type="cond" truecount="1" falsecount="1"/>
          <line num="566" count="0" type="stmt"/>
          <line num="567" count="0" type="stmt"/>
          <line num="571" count="2" type="stmt"/>
          <line num="572" count="7" type="stmt"/>
          <line num="573" count="8" type="cond" truecount="1" falsecount="1"/>
          <line num="575" count="8" type="cond" truecount="2" falsecount="2"/>
          <line num="576" count="0" type="stmt"/>
          <line num="578" count="8" type="stmt"/>
          <line num="585" count="2" type="stmt"/>
          <line num="586" count="7" type="stmt"/>
          <line num="587" count="7" type="stmt"/>
          <line num="590" count="2" type="stmt"/>
          <line num="593" count="2" type="stmt"/>
          <line num="594" count="400" type="stmt"/>
          <line num="597" count="2" type="stmt"/>
          <line num="598" count="50" type="stmt"/>
          <line num="606" count="2" type="stmt"/>
          <line num="607" count="0" type="stmt"/>
          <line num="609" count="0" type="stmt"/>
          <line num="611" count="0" type="stmt"/>
          <line num="614" count="0" type="cond" truecount="0" falsecount="2"/>
          <line num="615" count="0" type="stmt"/>
          <line num="616" count="0" type="stmt"/>
          <line num="620" count="0" type="stmt"/>
          <line num="624" count="2" type="stmt"/>
          <line num="633" count="2" type="stmt"/>
          <line num="738" count="2" type="stmt"/>
          <line num="745" count="2" type="stmt"/>
          <line num="814" count="2" type="stmt"/>
        </file>
      </package>
      <package name="src.interface.app">
        <metrics statements="32" coveredstatements="0" conditionals="43" coveredconditionals="0" methods="14" coveredmethods="0"/>
        <file name="index.jsx" path="/Users/markhayden/go/src/github.com/markhayden/lytics-stealth/src/interface/app/index.jsx">
          <metrics statements="32" coveredstatements="0" conditionals="43" coveredconditionals="0" methods="14" coveredmethods="0"/>
          <line num="1" count="0" type="cond" truecount="0" falsecount="8"/>
          <line num="2" count="0" type="stmt"/>
          <line num="4" count="0" type="stmt"/>
          <line num="6" count="0" type="stmt"/>
          <line num="7" count="0" type="stmt"/>
          <line num="8" count="0" type="stmt"/>
          <line num="9" count="0" type="stmt"/>
          <line num="10" count="0" type="stmt"/>
          <line num="11" count="0" type="stmt"/>
          <line num="12" count="0" type="stmt"/>
          <line num="13" count="0" type="cond" truecount="0" falsecount="23"/>
          <line num="15" count="0" type="stmt"/>
          <line num="17" count="0" type="cond" truecount="0" falsecount="2"/>
          <line num="20" count="0" type="stmt"/>
          <line num="30" count="0" type="stmt"/>
          <line num="31" count="0" type="stmt"/>
          <line num="32" count="0" type="stmt"/>
          <line num="33" count="0" type="stmt"/>
          <line num="36" count="0" type="stmt"/>
          <line num="40" count="0" type="stmt"/>
          <line num="44" count="0" type="stmt"/>
          <line num="46" count="0" type="stmt"/>
          <line num="47" count="0" type="stmt"/>
          <line num="55" count="0" type="stmt"/>
          <line num="56" count="0" type="cond" truecount="0" falsecount="2"/>
          <line num="57" count="0" type="stmt"/>
          <line num="60" count="0" type="cond" truecount="0" falsecount="2"/>
          <line num="61" count="0" type="stmt"/>
          <line num="65" count="0" type="stmt"/>
          <line num="70" count="0" type="stmt"/>
          <line num="96" count="0" type="stmt"/>
          <line num="99" count="0" type="stmt"/>
        </file>
      </package>
      <package name="src.interface.app.alert">
        <metrics statements="21" coveredstatements="0" conditionals="70" coveredconditionals="0" methods="23" coveredmethods="0"/>
        <file name="refresh.jsx" path="/Users/markhayden/go/src/github.com/markhayden/lytics-stealth/src/interface/app/alert/refresh.jsx">
          <metrics statements="10" coveredstatements="0" conditionals="35" coveredconditionals="0" methods="12" coveredmethods="0"/>
          <line num="1" count="0" type="cond" truecount="0" falsecount="31"/>
          <line num="3" count="0" type="stmt"/>
          <line num="5" count="0" type="cond" truecount="0" falsecount="2"/>
          <line num="7" count="0" type="stmt"/>
          <line num="8" count="0" type="stmt"/>
          <line num="11" count="0" type="stmt"/>
          <line num="12" count="0" type="stmt"/>
          <line num="13" count="0" type="stmt"/>
          <line num="18" count="0" type="stmt"/>
          <line num="24" count="0" type="stmt"/>
        </file>
        <file name="version.jsx" path="/Users/markhayden/go/src/github.com/markhayden/lytics-stealth/src/interface/app/alert/version.jsx">
          <metrics statements="11" coveredstatements="0" conditionals="35" coveredconditionals="0" methods="11" coveredmethods="0"/>
          <line num="1" count="0" type="cond" truecount="0" falsecount="31"/>
          <line num="3" count="0" type="stmt"/>
          <line num="5" count="0" type="cond" truecount="0" falsecount="2"/>
          <line num="7" count="0" type="stmt"/>
          <line num="10" count="0" type="stmt"/>
          <line num="15" count="0" type="stmt"/>
          <line num="16" count="0" type="stmt"/>
          <line num="18" count="0" type="stmt"/>
          <line num="21" count="0" type="stmt"/>
          <line num="34" count="0" type="stmt"/>
          <line num="40" count="0" type="stmt"/>
        </file>
      </package>
      <package name="src.interface.app.form">
        <metrics statements="84" coveredstatements="0" conditionals="148" coveredconditionals="0" methods="50" coveredmethods="0"/>
        <file name="addsegment.jsx" path="/Users/markhayden/go/src/github.com/markhayden/lytics-stealth/src/interface/app/form/addsegment.jsx">
          <metrics statements="19" coveredstatements="0" conditionals="39" coveredconditionals="0" methods="13" coveredmethods="0"/>
          <line num="1" count="0" type="cond" truecount="0" falsecount="31"/>
          <line num="3" count="0" type="stmt"/>
          <line num="5" count="0" type="cond" truecount="0" falsecount="2"/>
          <line num="7" count="0" type="stmt"/>
          <line num="8" count="0" type="stmt"/>
          <line num="9" count="0" type="stmt"/>
          <line num="12" count="0" type="stmt"/>
          <line num="13" count="0" type="stmt"/>
          <line num="17" count="0" type="stmt"/>
          <line num="20" count="0" type="stmt"/>
          <line num="21" count="0" type="stmt"/>
          <line num="24" count="0" type="stmt"/>
          <line num="27" count="0" type="stmt"/>
          <line num="28" count="0" type="stmt"/>
          <line num="35" count="0" type="stmt"/>
          <line num="36" count="0" type="stmt"/>
          <line num="37" count="0" type="stmt"/>
          <line num="41" count="0" type="stmt"/>
          <line num="50" count="0" type="stmt"/>
        </file>
        <file name="setDemo.jsx" path="/Users/markhayden/go/src/github.com/markhayden/lytics-stealth/src/interface/app/form/setDemo.jsx">
          <metrics statements="22" coveredstatements="0" conditionals="37" coveredconditionals="0" methods="12" coveredmethods="0"/>
          <line num="1" count="0" type="cond" truecount="0" falsecount="31"/>
          <line num="3" count="0" type="stmt"/>
          <line num="5" count="0" type="cond" truecount="0" falsecount="2"/>
          <line num="7" count="0" type="stmt"/>
          <line num="8" count="0" type="stmt"/>
          <line num="9" count="0" type="stmt"/>
          <line num="12" count="0" type="cond" truecount="0" falsecount="2"/>
          <line num="14" count="0" type="stmt"/>
          <line num="17" count="0" type="stmt"/>
          <line num="18" count="0" type="stmt"/>
          <line num="21" count="0" type="stmt"/>
          <line num="24" count="0" type="stmt"/>
          <line num="34" count="0" type="stmt"/>
          <line num="35" count="0" type="stmt"/>
          <line num="38" count="0" type="cond" truecount="0" falsecount="2"/>
          <line num="40" count="0" type="stmt"/>
          <line num="41" count="0" type="stmt"/>
          <line num="45" count="0" type="stmt"/>
          <line num="46" count="0" type="stmt"/>
          <line num="49" count="0" type="stmt"/>
          <line num="55" count="0" type="stmt"/>
          <line num="62" count="0" type="stmt"/>
        </file>
        <file name="setaccountid.jsx" path="/Users/markhayden/go/src/github.com/markhayden/lytics-stealth/src/interface/app/form/setaccountid.jsx">
          <metrics statements="14" coveredstatements="0" conditionals="33" coveredconditionals="0" methods="12" coveredmethods="0"/>
          <line num="1" count="0" type="cond" truecount="0" falsecount="31"/>
          <line num="3" count="0" type="stmt"/>
          <line num="5" count="0" type="cond" truecount="0" falsecount="2"/>
          <line num="7" count="0" type="stmt"/>
          <line num="10" count="0" type="stmt"/>
          <line num="11" count="0" type="stmt"/>
          <line num="12" count="0" type="stmt"/>
          <line num="15" count="0" type="stmt"/>
          <line num="22" count="0" type="stmt"/>
          <line num="23" count="0" type="stmt"/>
          <line num="26" count="0" type="stmt"/>
          <line num="29" count="0" type="stmt"/>
          <line num="36" count="0" type="stmt"/>
          <line num="44" count="0" type="stmt"/>
        </file>
        <file name="setprofile.jsx" path="/Users/markhayden/go/src/github.com/markhayden/lytics-stealth/src/interface/app/form/setprofile.jsx">
          <metrics statements="29" coveredstatements="0" conditionals="39" coveredconditionals="0" methods="13" coveredmethods="0"/>
          <line num="1" count="0" type="cond" truecount="0" falsecount="31"/>
          <line num="3" count="0" type="stmt"/>
          <line num="5" count="0" type="cond" truecount="0" falsecount="2"/>
          <line num="7" count="0" type="stmt"/>
          <line num="8" count="0" type="stmt"/>
          <line num="9" count="0" type="stmt"/>
          <line num="10" count="0" type="stmt"/>
          <line num="13" count="0" type="stmt"/>
          <line num="16" count="0" type="stmt"/>
          <line num="19" count="0" type="stmt"/>
          <line num="22" count="0" type="stmt"/>
          <line num="29" count="0" type="stmt"/>
          <line num="30" count="0" type="cond" truecount="0" falsecount="2"/>
          <line num="33" count="0" type="stmt"/>
          <line num="34" count="0" type="stmt"/>
          <line num="37" count="0" type="stmt"/>
          <line num="40" count="0" type="stmt"/>
          <line num="47" count="0" type="stmt"/>
          <line num="48" count="0" type="stmt"/>
          <line num="51" count="0" type="cond" truecount="0" falsecount="2"/>
          <line num="52" count="0" type="stmt"/>
          <line num="55" count="0" type="cond" truecount="0" falsecount="2"/>
          <line num="56" count="0" type="stmt"/>
          <line num="61" count="0" type="stmt"/>
          <line num="64" count="0" type="stmt"/>
          <line num="65" count="0" type="stmt"/>
          <line num="68" count="0" type="stmt"/>
          <line num="74" count="0" type="stmt"/>
          <line num="82" count="0" type="stmt"/>
        </file>
      </package>
      <package name="src.interface.app.nav">
        <metrics statements="28" coveredstatements="0" conditionals="73" coveredconditionals="0" methods="24" coveredmethods="0"/>
        <file name="power.jsx" path="/Users/markhayden/go/src/github.com/markhayden/lytics-stealth/src/interface/app/nav/power.jsx">
          <metrics statements="15" coveredstatements="0" conditionals="35" coveredconditionals="0" methods="13" coveredmethods="0"/>
          <line num="1" count="0" type="cond" truecount="0" falsecount="31"/>
          <line num="3" count="0" type="stmt"/>
          <line num="5" count="0" type="cond" truecount="0" falsecount="2"/>
          <line num="7" count="0" type="stmt"/>
          <line num="8" count="0" type="stmt"/>
          <line num="13" count="0" type="cond" truecount="0" falsecount="2"/>
          <line num="14" count="0" type="stmt"/>
          <line num="16" count="0" type="stmt"/>
          <line num="19" count="0" type="stmt"/>
          <line num="20" count="0" type="stmt"/>
          <line num="22" count="0" type="stmt"/>
          <line num="23" count="0" type="stmt"/>
          <line num="24" count="0" type="stmt"/>
          <line num="30" count="0" type="stmt"/>
          <line num="36" count="0" type="stmt"/>
        </file>
        <file name="settings.jsx" path="/Users/markhayden/go/src/github.com/markhayden/lytics-stealth/src/interface/app/nav/settings.jsx">
          <metrics statements="13" coveredstatements="0" conditionals="38" coveredconditionals="0" methods="11" coveredmethods="0"/>
          <line num="1" count="0" type="cond" truecount="0" falsecount="31"/>
          <line num="3" count="0" type="stmt"/>
          <line num="5" count="0" type="cond" truecount="0" falsecount="2"/>
          <line num="7" count="0" type="stmt"/>
          <line num="8" count="0" type="stmt"/>
          <line num="11" count="0" type="cond" truecount="0" falsecount="3"/>
          <line num="13" count="0" type="stmt"/>
          <line num="14" count="0" type="stmt"/>
          <line num="16" count="0" type="stmt"/>
          <line num="17" count="0" type="stmt"/>
          <line num="19" count="0" type="stmt"/>
          <line num="24" count="0" type="stmt"/>
          <line num="33" count="0" type="stmt"/>
        </file>
      </package>
      <package name="src.interface.app.page">
        <metrics statements="39" coveredstatements="0" conditionals="101" coveredconditionals="0" methods="36" coveredmethods="0"/>
        <file name="advancedsettings.jsx" path="/Users/markhayden/go/src/github.com/markhayden/lytics-stealth/src/interface/app/page/advancedsettings.jsx">
          <metrics statements="8" coveredstatements="0" conditionals="33" coveredconditionals="0" methods="10" coveredmethods="0"/>
          <line num="1" count="0" type="cond" truecount="0" falsecount="8"/>
          <line num="2" count="0" type="stmt"/>
          <line num="3" count="0" type="cond" truecount="0" falsecount="23"/>
          <line num="5" count="0" type="stmt"/>
          <line num="7" count="0" type="cond" truecount="0" falsecount="2"/>
          <line num="9" count="0" type="stmt"/>
          <line num="12" count="0" type="stmt"/>
          <line num="25" count="0" type="stmt"/>
        </file>
        <file name="basicsettings.jsx" path="/Users/markhayden/go/src/github.com/markhayden/lytics-stealth/src/interface/app/page/basicsettings.jsx">
          <metrics statements="23" coveredstatements="0" conditionals="35" coveredconditionals="0" methods="16" coveredmethods="0"/>
          <line num="1" count="0" type="cond" truecount="0" falsecount="8"/>
          <line num="2" count="0" type="cond" truecount="0" falsecount="23"/>
          <line num="4" count="0" type="stmt"/>
          <line num="6" count="0" type="cond" truecount="0" falsecount="2"/>
          <line num="8" count="0" type="stmt"/>
          <line num="9" count="0" type="stmt"/>
          <line num="10" count="0" type="stmt"/>
          <line num="11" count="0" type="stmt"/>
          <line num="12" count="0" type="stmt"/>
          <line num="13" count="0" type="stmt"/>
          <line num="14" count="0" type="stmt"/>
          <line num="17" count="0" type="stmt"/>
          <line num="21" count="0" type="stmt"/>
          <line num="25" count="0" type="stmt"/>
          <line num="26" count="0" type="stmt"/>
          <line num="27" count="0" type="stmt"/>
          <line num="32" count="0" type="stmt"/>
          <line num="33" count="0" type="stmt"/>
          <line num="34" count="0" type="stmt"/>
          <line num="40" count="0" type="stmt"/>
          <line num="44" count="0" type="stmt"/>
          <line num="48" count="0" type="stmt"/>
          <line num="100" count="0" type="stmt"/>
        </file>
        <file name="home.jsx" path="/Users/markhayden/go/src/github.com/markhayden/lytics-stealth/src/interface/app/page/home.jsx">
          <metrics statements="8" coveredstatements="0" conditionals="33" coveredconditionals="0" methods="10" coveredmethods="0"/>
          <line num="1" count="0" type="cond" truecount="0" falsecount="8"/>
          <line num="2" count="0" type="stmt"/>
          <line num="3" count="0" type="cond" truecount="0" falsecount="23"/>
          <line num="5" count="0" type="stmt"/>
          <line num="7" count="0" type="cond" truecount="0" falsecount="2"/>
          <line num="9" count="0" type="stmt"/>
          <line num="12" count="0" type="stmt"/>
          <line num="29" count="0" type="stmt"/>
        </file>
      </package>
      <package name="src.interface.app.profile">
        <metrics statements="49" coveredstatements="6" conditionals="78" coveredconditionals="1" methods="32" coveredmethods="4"/>
        <file name="display.jsx" path="/Users/markhayden/go/src/github.com/markhayden/lytics-stealth/src/interface/app/profile/display.jsx">
          <metrics statements="8" coveredstatements="6" conditionals="2" coveredconditionals="1" methods="5" coveredmethods="4"/>
          <line num="6" count="1" type="stmt"/>
          <line num="7" count="1" type="stmt"/>
          <line num="12" count="1" type="stmt"/>
          <line num="13" count="1" type="stmt"/>
          <line num="18" count="1" type="stmt"/>
          <line num="19" count="0" type="stmt"/>
          <line num="20" count="0" type="stmt"/>
          <line num="26" count="1" type="stmt"/>
        </file>
        <file name="segments.jsx" path="/Users/markhayden/go/src/github.com/markhayden/lytics-stealth/src/interface/app/profile/segments.jsx">
          <metrics statements="30" coveredstatements="0" conditionals="41" coveredconditionals="0" methods="16" coveredmethods="0"/>
          <line num="1" count="0" type="cond" truecount="0" falsecount="31"/>
          <line num="3" count="0" type="stmt"/>
          <line num="5" count="0" type="cond" truecount="0" falsecount="2"/>
          <line num="7" count="0" type="stmt"/>
          <line num="8" count="0" type="stmt"/>
          <line num="9" count="0" type="stmt"/>
          <line num="10" count="0" type="stmt"/>
          <line num="11" count="0" type="stmt"/>
          <line num="12" count="0" type="stmt"/>
          <line num="15" count="0" type="stmt"/>
          <line num="17" count="0" type="stmt"/>
          <line num="18" count="0" type="stmt"/>
          <line num="19" count="0" type="stmt"/>
          <line num="20" count="0" type="stmt"/>
          <line num="21" count="0" type="stmt"/>
          <line num="24" count="0" type="stmt"/>
          <line num="27" count="0" type="stmt"/>
          <line num="28" count="0" type="stmt"/>
          <line num="29" count="0" type="stmt"/>
          <line num="33" count="0" type="stmt"/>
          <line num="36" count="0" type="stmt"/>
          <line num="39" count="0" type="stmt"/>
          <line num="40" count="0" type="stmt"/>
          <line num="48" count="0" type="stmt"/>
          <line num="52" count="0" type="stmt"/>
          <line num="56" count="0" type="cond" truecount="0" falsecount="2"/>
          <line num="57" count="0" type="stmt"/>
          <line num="61" count="0" type="stmt"/>
          <line num="68" count="0" type="stmt"/>
          <line num="82" count="0" type="stmt"/>
        </file>
        <file name="wrapper.jsx" path="/Users/markhayden/go/src/github.com/markhayden/lytics-stealth/src/interface/app/profile/wrapper.jsx">
          <metrics statements="11" coveredstatements="0" conditionals="35" coveredconditionals="0" methods="11" coveredmethods="0"/>
          <line num="1" count="0" type="cond" truecount="0" falsecount="8"/>
          <line num="2" count="0" type="cond" truecount="0" falsecount="23"/>
          <line num="4" count="0" type="stmt"/>
          <line num="6" count="0" type="cond" truecount="0" falsecount="2"/>
          <line num="8" count="0" type="stmt"/>
          <line num="9" count="0" type="stmt"/>
          <line num="12" count="0" type="cond" truecount="0" falsecount="2"/>
          <line num="13" count="0" type="stmt"/>
          <line num="16" count="0" type="stmt"/>
          <line num="22" count="0" type="stmt"/>
          <line num="27" count="0" type="stmt"/>
        </file>
      </package>
      <package name="src.settings.app">
        <metrics statements="27" coveredstatements="0" conditionals="53" coveredconditionals="0" methods="14" coveredmethods="0"/>
        <file name="index.jsx" path="/Users/markhayden/go/src/github.com/markhayden/lytics-stealth/src/settings/app/index.jsx">
          <metrics statements="27" coveredstatements="0" conditionals="53" coveredconditionals="0" methods="14" coveredmethods="0"/>
          <line num="1" count="0" type="cond" truecount="0" falsecount="8"/>
          <line num="2" count="0" type="stmt"/>
          <line num="5" count="0" type="stmt"/>
          <line num="8" count="0" type="stmt"/>
          <line num="9" count="0" type="stmt"/>
          <line num="10" count="0" type="cond" truecount="0" falsecount="23"/>
          <line num="12" count="0" type="stmt"/>
          <line num="14" count="0" type="cond" truecount="0" falsecount="2"/>
          <line num="17" count="0" type="stmt"/>
          <line num="26" count="0" type="stmt"/>
          <line num="27" count="0" type="stmt"/>
          <line num="28" count="0" type="stmt"/>
          <line num="29" count="0" type="stmt"/>
          <line num="32" count="0" type="stmt"/>
          <line num="36" count="0" type="stmt"/>
          <line num="37" count="0" type="stmt"/>
          <line num="44" count="0" type="stmt"/>
          <line num="45" count="0" type="stmt"/>
          <line num="49" count="0" type="stmt"/>
          <line num="50" count="0" type="cond" truecount="0" falsecount="2"/>
          <line num="51" count="0" type="stmt"/>
          <line num="54" count="0" type="cond" truecount="0" falsecount="2"/>
          <line num="55" count="0" type="stmt"/>
          <line num="59" count="0" type="stmt"/>
          <line num="64" count="0" type="stmt"/>
          <line num="79" count="0" type="stmt"/>
          <line num="82" count="0" type="stmt"/>
        </file>
      </package>
      <package name="src.settings.app.alert">
        <metrics statements="21" coveredstatements="0" conditionals="70" coveredconditionals="0" methods="23" coveredmethods="0"/>
        <file name="refresh.jsx" path="/Users/markhayden/go/src/github.com/markhayden/lytics-stealth/src/settings/app/alert/refresh.jsx">
          <metrics statements="10" coveredstatements="0" conditionals="35" coveredconditionals="0" methods="12" coveredmethods="0"/>
          <line num="1" count="0" type="cond" truecount="0" falsecount="31"/>
          <line num="3" count="0" type="stmt"/>
          <line num="5" count="0" type="cond" truecount="0" falsecount="2"/>
          <line num="7" count="0" type="stmt"/>
          <line num="8" count="0" type="stmt"/>
          <line num="11" count="0" type="stmt"/>
          <line num="12" count="0" type="stmt"/>
          <line num="13" count="0" type="stmt"/>
          <line num="18" count="0" type="stmt"/>
          <line num="24" count="0" type="stmt"/>
        </file>
        <file name="version.jsx" path="/Users/markhayden/go/src/github.com/markhayden/lytics-stealth/src/settings/app/alert/version.jsx">
          <metrics statements="11" coveredstatements="0" conditionals="35" coveredconditionals="0" methods="11" coveredmethods="0"/>
          <line num="1" count="0" type="cond" truecount="0" falsecount="31"/>
          <line num="3" count="0" type="stmt"/>
          <line num="5" count="0" type="cond" truecount="0" falsecount="2"/>
          <line num="7" count="0" type="stmt"/>
          <line num="10" count="0" type="stmt"/>
          <line num="15" count="0" type="stmt"/>
          <line num="16" count="0" type="stmt"/>
          <line num="18" count="0" type="stmt"/>
          <line num="21" count="0" type="stmt"/>
          <line num="34" count="0" type="stmt"/>
          <line num="40" count="0" type="stmt"/>
        </file>
      </package>
      <package name="src.settings.app.form">
        <metrics statements="85" coveredstatements="0" conditionals="177" coveredconditionals="0" methods="64" coveredmethods="0"/>
        <file name="customDemo.jsx" path="/Users/markhayden/go/src/github.com/markhayden/lytics-stealth/src/settings/app/form/customDemo.jsx">
          <metrics statements="16" coveredstatements="0" conditionals="39" coveredconditionals="0" methods="12" coveredmethods="0"/>
          <line num="1" count="0" type="cond" truecount="0" falsecount="31"/>
          <line num="3" count="0" type="stmt"/>
          <line num="5" count="0" type="cond" truecount="0" falsecount="2"/>
          <line num="7" count="0" type="stmt"/>
          <line num="8" count="0" type="stmt"/>
          <line num="11" count="0" type="stmt"/>
          <line num="14" count="0" type="stmt"/>
          <line num="15" count="0" type="stmt"/>
          <line num="17" count="0" type="stmt"/>
          <line num="20" count="0" type="stmt"/>
          <line num="23" count="0" type="stmt"/>
          <line num="24" count="0" type="stmt"/>
          <line num="31" count="0" type="stmt"/>
          <line num="32" count="0" type="stmt"/>
          <line num="36" count="0" type="stmt"/>
          <line num="45" count="0" type="stmt"/>
        </file>
        <file name="customProfile.jsx" path="/Users/markhayden/go/src/github.com/markhayden/lytics-stealth/src/settings/app/form/customProfile.jsx">
          <metrics statements="16" coveredstatements="0" conditionals="39" coveredconditionals="0" methods="12" coveredmethods="0"/>
          <line num="1" count="0" type="cond" truecount="0" falsecount="31"/>
          <line num="3" count="0" type="stmt"/>
          <line num="5" count="0" type="cond" truecount="0" falsecount="2"/>
          <line num="7" count="0" type="stmt"/>
          <line num="8" count="0" type="stmt"/>
          <line num="11" count="0" type="stmt"/>
          <line num="14" count="0" type="stmt"/>
          <line num="15" count="0" type="stmt"/>
          <line num="17" count="0" type="stmt"/>
          <line num="20" count="0" type="stmt"/>
          <line num="23" count="0" type="stmt"/>
          <line num="24" count="0" type="stmt"/>
          <line num="31" count="0" type="stmt"/>
          <line num="32" count="0" type="stmt"/>
          <line num="36" count="0" type="stmt"/>
          <line num="45" count="0" type="stmt"/>
        </file>
        <file name="manageDomainWhitelist.jsx" path="/Users/markhayden/go/src/github.com/markhayden/lytics-stealth/src/settings/app/form/manageDomainWhitelist.jsx">
          <metrics statements="24" coveredstatements="0" conditionals="33" coveredconditionals="0" methods="16" coveredmethods="0"/>
          <line num="1" count="0" type="cond" truecount="0" falsecount="31"/>
          <line num="3" count="0" type="stmt"/>
          <line num="5" count="0" type="cond" truecount="0" falsecount="2"/>
          <line num="8" count="0" type="stmt"/>
          <line num="12" count="0" type="stmt"/>
          <line num="13" count="0" type="stmt"/>
          <line num="14" count="0" type="stmt"/>
          <line num="15" count="0" type="stmt"/>
          <line num="16" count="0" type="stmt"/>
          <line num="19" count="0" type="stmt"/>
          <line num="21" count="0" type="stmt"/>
          <line num="24" count="0" type="stmt"/>
          <line num="31" count="0" type="stmt"/>
          <line num="35" count="0" type="stmt"/>
          <line num="37" count="0" type="stmt"/>
          <line num="39" count="0" type="stmt"/>
          <line num="42" count="0" type="stmt"/>
          <line num="49" count="0" type="stmt"/>
          <line num="52" count="0" type="stmt"/>
          <line num="53" count="0" type="stmt"/>
          <line num="54" count="0" type="stmt"/>
          <line num="57" count="0" type="stmt"/>
          <line num="63" count="0" type="stmt"/>
          <line num="79" count="0" type="stmt"/>
        </file>
        <file name="manageExternalDataSync.jsx" path="/Users/markhayden/go/src/github.com/markhayden/lytics-stealth/src/settings/app/form/manageExternalDataSync.jsx">
          <metrics statements="14" coveredstatements="0" conditionals="33" coveredconditionals="0" methods="12" coveredmethods="0"/>
          <line num="1" count="0" type="cond" truecount="0" falsecount="31"/>
          <line num="3" count="0" type="stmt"/>
          <line num="5" count="0" type="cond" truecount="0" falsecount="2"/>
          <line num="8" count="0" type="stmt"/>
          <line num="12" count="0" type="stmt"/>
          <line num="13" count="0" type="stmt"/>
          <line num="14" count="0" type="stmt"/>
          <line num="17" count="0" type="stmt"/>
          <line num="21" count="0" type="stmt"/>
          <line num="24" count="0" type="stmt"/>
          <line num="27" count="0" type="stmt"/>
          <line num="31" count="0" type="stmt"/>
          <line num="35" count="0" type="stmt"/>
          <line num="48" count="0" type="stmt"/>
        </file>
        <file name="manageVariableMapping.jsx" path="/Users/markhayden/go/src/github.com/markhayden/lytics-stealth/src/settings/app/form/manageVariableMapping.jsx">
          <metrics statements="15" coveredstatements="0" conditionals="33" coveredconditionals="0" methods="12" coveredmethods="0"/>
          <line num="1" count="0" type="cond" truecount="0" falsecount="31"/>
          <line num="3" count="0" type="stmt"/>
          <line num="5" count="0" type="cond" truecount="0" falsecount="2"/>
          <line num="8" count="0" type="stmt"/>
          <line num="13" count="0" type="stmt"/>
          <line num="14" count="0" type="stmt"/>
          <line num="17" count="0" type="stmt"/>
          <line num="18" count="0" type="stmt"/>
          <line num="19" count="0" type="stmt"/>
          <line num="24" count="0" type="stmt"/>
          <line num="25" count="0" type="stmt"/>
          <line num="29" count="0" type="stmt"/>
          <line num="32" count="0" type="stmt"/>
          <line num="38" count="0" type="stmt"/>
          <line num="56" count="0" type="stmt"/>
        </file>
      </package>
      <package name="src.settings.app.nav">
        <metrics statements="28" coveredstatements="0" conditionals="73" coveredconditionals="0" methods="24" coveredmethods="0"/>
        <file name="power.jsx" path="/Users/markhayden/go/src/github.com/markhayden/lytics-stealth/src/settings/app/nav/power.jsx">
          <metrics statements="15" coveredstatements="0" conditionals="35" coveredconditionals="0" methods="13" coveredmethods="0"/>
          <line num="1" count="0" type="cond" truecount="0" falsecount="31"/>
          <line num="3" count="0" type="stmt"/>
          <line num="5" count="0" type="cond" truecount="0" falsecount="2"/>
          <line num="7" count="0" type="stmt"/>
          <line num="8" count="0" type="stmt"/>
          <line num="13" count="0" type="cond" truecount="0" falsecount="2"/>
          <line num="14" count="0" type="stmt"/>
          <line num="16" count="0" type="stmt"/>
          <line num="19" count="0" type="stmt"/>
          <line num="20" count="0" type="stmt"/>
          <line num="22" count="0" type="stmt"/>
          <line num="23" count="0" type="stmt"/>
          <line num="24" count="0" type="stmt"/>
          <line num="30" count="0" type="stmt"/>
          <line num="36" count="0" type="stmt"/>
        </file>
        <file name="settings.jsx" path="/Users/markhayden/go/src/github.com/markhayden/lytics-stealth/src/settings/app/nav/settings.jsx">
          <metrics statements="13" coveredstatements="0" conditionals="38" coveredconditionals="0" methods="11" coveredmethods="0"/>
          <line num="1" count="0" type="cond" truecount="0" falsecount="31"/>
          <line num="3" count="0" type="stmt"/>
          <line num="5" count="0" type="cond" truecount="0" falsecount="2"/>
          <line num="7" count="0" type="stmt"/>
          <line num="8" count="0" type="stmt"/>
          <line num="11" count="0" type="cond" truecount="0" falsecount="3"/>
          <line num="13" count="0" type="stmt"/>
          <line num="14" count="0" type="stmt"/>
          <line num="16" count="0" type="stmt"/>
          <line num="17" count="0" type="stmt"/>
          <line num="19" count="0" type="stmt"/>
          <line num="24" count="0" type="stmt"/>
          <line num="33" count="0" type="stmt"/>
        </file>
      </package>
      <package name="src.settings.app.page">
        <metrics statements="86" coveredstatements="0" conditionals="123" coveredconditionals="0" methods="42" coveredmethods="0"/>
        <file name="demo.jsx" path="/Users/markhayden/go/src/github.com/markhayden/lytics-stealth/src/settings/app/page/demo.jsx">
          <metrics statements="35" coveredstatements="0" conditionals="45" coveredconditionals="0" methods="15" coveredmethods="0"/>
          <line num="1" count="0" type="cond" truecount="0" falsecount="31"/>
          <line num="3" count="0" type="stmt"/>
          <line num="4" count="0" type="cond" truecount="0" falsecount="2"/>
          <line num="7" count="0" type="stmt"/>
          <line num="12" count="0" type="stmt"/>
          <line num="13" count="0" type="stmt"/>
          <line num="14" count="0" type="stmt"/>
          <line num="15" count="0" type="stmt"/>
          <line num="16" count="0" type="stmt"/>
          <line num="19" count="0" type="stmt"/>
          <line num="23" count="0" type="cond" truecount="0" falsecount="2"/>
          <line num="25" count="0" type="stmt"/>
          <line num="27" count="0" type="cond" truecount="0" falsecount="6"/>
          <line num="28" count="0" type="stmt"/>
          <line num="29" count="0" type="stmt"/>
          <line num="32" count="0" type="stmt"/>
          <line num="34" count="0" type="stmt"/>
          <line num="37" count="0" type="stmt"/>
          <line num="44" count="0" type="stmt"/>
          <line num="49" count="0" type="stmt"/>
          <line num="50" count="0" type="cond" truecount="0" falsecount="2"/>
          <line num="51" count="0" type="stmt"/>
          <line num="53" count="0" type="cond" truecount="0" falsecount="2"/>
          <line num="54" count="0" type="stmt"/>
          <line num="60" count="0" type="stmt"/>
          <line num="63" count="0" type="stmt"/>
          <line num="70" count="0" type="stmt"/>
          <line num="73" count="0" type="stmt"/>
          <line num="76" count="0" type="stmt"/>
          <line num="77" count="0" type="stmt"/>
          <line num="78" count="0" type="stmt"/>
          <line num="82" count="0" type="stmt"/>
          <line num="84" count="0" type="stmt"/>
          <line num="90" count="0" type="stmt"/>
          <line num="133" count="0" type="stmt"/>
        </file>
        <file name="general.jsx" path="/Users/markhayden/go/src/github.com/markhayden/lytics-stealth/src/settings/app/page/general.jsx">
          <metrics statements="16" coveredstatements="0" conditionals="33" coveredconditionals="0" methods="12" coveredmethods="0"/>
          <line num="1" count="0" type="cond" truecount="0" falsecount="8"/>
          <line num="3" count="0" type="stmt"/>
          <line num="4" count="0" type="stmt"/>
          <line num="5" count="0" type="cond" truecount="0" falsecount="23"/>
          <line num="7" count="0" type="stmt"/>
          <line num="8" count="0" type="cond" truecount="0" falsecount="2"/>
          <line num="10" count="0" type="stmt"/>
          <line num="11" count="0" type="stmt"/>
          <line num="12" count="0" type="stmt"/>
          <line num="15" count="0" type="stmt"/>
          <line num="16" count="0" type="stmt"/>
          <line num="18" count="0" type="stmt"/>
          <line num="22" count="0" type="stmt"/>
          <line num="23" count="0" type="stmt"/>
          <line num="27" count="0" type="stmt"/>
          <line num="42" count="0" type="stmt"/>
        </file>
        <file name="user.jsx" path="/Users/markhayden/go/src/github.com/markhayden/lytics-stealth/src/settings/app/page/user.jsx">
          <metrics statements="35" coveredstatements="0" conditionals="45" coveredconditionals="0" methods="15" coveredmethods="0"/>
          <line num="1" count="0" type="cond" truecount="0" falsecount="31"/>
          <line num="3" count="0" type="stmt"/>
          <line num="4" count="0" type="cond" truecount="0" falsecount="2"/>
          <line num="7" count="0" type="stmt"/>
          <line num="12" count="0" type="stmt"/>
          <line num="13" count="0" type="stmt"/>
          <line num="14" count="0" type="stmt"/>
          <line num="15" count="0" type="stmt"/>
          <line num="16" count="0" type="stmt"/>
          <line num="19" count="0" type="stmt"/>
          <line num="23" count="0" type="cond" truecount="0" falsecount="2"/>
          <line num="25" count="0" type="stmt"/>
          <line num="27" count="0" type="cond" truecount="0" falsecount="6"/>
          <line num="28" count="0" type="stmt"/>
          <line num="29" count="0" type="stmt"/>
          <line num="32" count="0" type="stmt"/>
          <line num="34" count="0" type="stmt"/>
          <line num="37" count="0" type="stmt"/>
          <line num="44" count="0" type="stmt"/>
          <line num="49" count="0" type="stmt"/>
          <line num="50" count="0" type="stmt"/>
          <line num="51" count="0" type="cond" truecount="0" falsecount="2"/>
          <line num="53" count="0" type="cond" truecount="0" falsecount="2"/>
          <line num="54" count="0" type="stmt"/>
          <line num="59" count="0" type="stmt"/>
          <line num="62" count="0" type="stmt"/>
          <line num="69" count="0" type="stmt"/>
          <line num="72" count="0" type="stmt"/>
          <line num="75" count="0" type="stmt"/>
          <line num="76" count="0" type="stmt"/>
          <line num="77" count="0" type="stmt"/>
          <line num="81" count="0" type="stmt"/>
          <line num="83" count="0" type="stmt"/>
          <line num="89" count="0" type="stmt"/>
          <line num="130" count="0" type="stmt"/>
        </file>
      </package>
      <package name="src.settings.app.profile">
        <metrics statements="51" coveredstatements="0" conditionals="109" coveredconditionals="0" methods="40" coveredmethods="0"/>
        <file name="display.jsx" path="/Users/markhayden/go/src/github.com/markhayden/lytics-stealth/src/settings/app/profile/display.jsx">
          <metrics statements="12" coveredstatements="0" conditionals="35" coveredconditionals="0" methods="13" coveredmethods="0"/>
          <line num="1" count="0" type="cond" truecount="0" falsecount="31"/>
          <line num="3" count="0" type="stmt"/>
          <line num="5" count="0" type="cond" truecount="0" falsecount="2"/>
          <line num="7" count="0" type="stmt"/>
          <line num="8" count="0" type="stmt"/>
          <line num="12" count="0" type="stmt"/>
          <line num="13" count="0" type="stmt"/>
          <line num="18" count="0" type="stmt"/>
          <line num="19" count="0" type="stmt"/>
          <line num="20" count="0" type="stmt"/>
          <line num="26" count="0" type="stmt"/>
          <line num="32" count="0" type="stmt"/>
        </file>
        <file name="segments.jsx" path="/Users/markhayden/go/src/github.com/markhayden/lytics-stealth/src/settings/app/profile/segments.jsx">
          <metrics statements="30" coveredstatements="0" conditionals="41" coveredconditionals="0" methods="16" coveredmethods="0"/>
          <line num="1" count="0" type="cond" truecount="0" falsecount="31"/>
          <line num="3" count="0" type="stmt"/>
          <line num="5" count="0" type="cond" truecount="0" falsecount="2"/>
          <line num="7" count="0" type="stmt"/>
          <line num="8" count="0" type="stmt"/>
          <line num="9" count="0" type="stmt"/>
          <line num="10" count="0" type="stmt"/>
          <line num="11" count="0" type="stmt"/>
          <line num="12" count="0" type="stmt"/>
          <line num="15" count="0" type="stmt"/>
          <line num="17" count="0" type="stmt"/>
          <line num="18" count="0" type="stmt"/>
          <line num="19" count="0" type="stmt"/>
          <line num="20" count="0" type="stmt"/>
          <line num="21" count="0" type="stmt"/>
          <line num="24" count="0" type="stmt"/>
          <line num="27" count="0" type="stmt"/>
          <line num="28" count="0" type="stmt"/>
          <line num="29" count="0" type="stmt"/>
          <line num="33" count="0" type="stmt"/>
          <line num="36" count="0" type="stmt"/>
          <line num="39" count="0" type="stmt"/>
          <line num="40" count="0" type="stmt"/>
          <line num="48" count="0" type="stmt"/>
          <line num="52" count="0" type="stmt"/>
          <line num="56" count="0" type="cond" truecount="0" falsecount="2"/>
          <line num="57" count="0" type="stmt"/>
          <line num="61" count="0" type="stmt"/>
          <line num="68" count="0" type="stmt"/>
          <line num="82" count="0" type="stmt"/>
        </file>
        <file name="wrapper.jsx" path="/Users/markhayden/go/src/github.com/markhayden/lytics-stealth/src/settings/app/profile/wrapper.jsx">
          <metrics statements="9" coveredstatements="0" conditionals="33" coveredconditionals="0" methods="11" coveredmethods="0"/>
          <line num="1" count="0" type="cond" truecount="0" falsecount="8"/>
          <line num="2" count="0" type="cond" truecount="0" falsecount="23"/>
          <line num="4" count="0" type="stmt"/>
          <line num="6" count="0" type="cond" truecount="0" falsecount="2"/>
          <line num="8" count="0" type="stmt"/>
          <line num="9" count="0" type="stmt"/>
          <line num="12" count="0" type="stmt"/>
          <line num="18" count="0" type="stmt"/>
          <line num="23" count="0" type="stmt"/>
        </file>
      </package>
    </metrics>
  </project>
</coverage>
