{"/Users/markhayden/go/src/github.com/markhayden/lytics-stealth/dist/background.js": {"path":"/Users/markhayden/go/src/github.com/markhayden/lytics-stealth/dist/background.js","statementMap":{"0":{"start":{"line":1,"column":22},"end":{"line":154,"column":11}},"1":{"start":{"line":3,"column":32},"end":{"line":3,"column":34}},"2":{"start":{"line":9,"column":10},"end":{"line":10,"column":53}},"3":{"start":{"line":10,"column":11},"end":{"line":10,"column":53}},"4":{"start":{"line":13,"column":23},"end":{"line":17,"column":13}},"5":{"start":{"line":20,"column":10},"end":{"line":20,"column":94}},"6":{"start":{"line":23,"column":10},"end":{"line":23,"column":31}},"7":{"start":{"line":26,"column":10},"end":{"line":26,"column":32}},"8":{"start":{"line":31,"column":9},"end":{"line":31,"column":41}},"9":{"start":{"line":34,"column":9},"end":{"line":34,"column":50}},"10":{"start":{"line":37,"column":9},"end":{"line":37,"column":36}},"11":{"start":{"line":40,"column":9},"end":{"line":40,"column":39}},"12":{"start":{"line":47,"column":1},"end":{"line":47,"column":41}},"13":{"start":{"line":58,"column":22},"end":{"line":95,"column":2}},"14":{"start":{"line":60,"column":2},"end":{"line":93,"column":51}},"15":{"start":{"line":62,"column":4},"end":{"line":65,"column":62}},"16":{"start":{"line":67,"column":4},"end":{"line":67,"column":10}},"17":{"start":{"line":69,"column":4},"end":{"line":72,"column":62}},"18":{"start":{"line":74,"column":4},"end":{"line":74,"column":10}},"19":{"start":{"line":77,"column":4},"end":{"line":85,"column":5}},"20":{"start":{"line":80,"column":5},"end":{"line":80,"column":68}},"21":{"start":{"line":81,"column":11},"end":{"line":85,"column":5}},"22":{"start":{"line":82,"column":5},"end":{"line":82,"column":67}},"23":{"start":{"line":84,"column":5},"end":{"line":84,"column":64}},"24":{"start":{"line":87,"column":4},"end":{"line":87,"column":48}},"25":{"start":{"line":88,"column":4},"end":{"line":90,"column":18}},"26":{"start":{"line":89,"column":5},"end":{"line":89,"column":20}},"27":{"start":{"line":91,"column":4},"end":{"line":91,"column":10}},"28":{"start":{"line":93,"column":4},"end":{"line":93,"column":50}},"29":{"start":{"line":97,"column":1},"end":{"line":99,"column":4}},"30":{"start":{"line":98,"column":2},"end":{"line":98,"column":66}},"31":{"start":{"line":102,"column":1},"end":{"line":115,"column":4}},"32":{"start":{"line":103,"column":2},"end":{"line":114,"column":3}},"33":{"start":{"line":104,"column":3},"end":{"line":113,"column":17}},"34":{"start":{"line":106,"column":4},"end":{"line":110,"column":5}},"35":{"start":{"line":107,"column":5},"end":{"line":107,"column":67}},"36":{"start":{"line":109,"column":5},"end":{"line":109,"column":64}},"37":{"start":{"line":112,"column":4},"end":{"line":112,"column":78}},"38":{"start":{"line":118,"column":1},"end":{"line":127,"column":4}},"39":{"start":{"line":119,"column":2},"end":{"line":126,"column":3}},"40":{"start":{"line":120,"column":3},"end":{"line":123,"column":12}},"41":{"start":{"line":121,"column":4},"end":{"line":121,"column":82}},"42":{"start":{"line":122,"column":4},"end":{"line":122,"column":66}},"43":{"start":{"line":124,"column":9},"end":{"line":126,"column":3}},"44":{"start":{"line":130,"column":1},"end":{"line":132,"column":4}},"45":{"start":{"line":131,"column":2},"end":{"line":131,"column":40}},"46":{"start":{"line":135,"column":1},"end":{"line":151,"column":4}},"47":{"start":{"line":136,"column":2},"end":{"line":150,"column":5}},"48":{"start":{"line":140,"column":13},"end":{"line":140,"column":20}},"49":{"start":{"line":141,"column":11},"end":{"line":141,"column":38}},"50":{"start":{"line":142,"column":3},"end":{"line":142,"column":20}},"51":{"start":{"line":143,"column":3},"end":{"line":149,"column":4}},"52":{"start":{"line":144,"column":4},"end":{"line":144,"column":67}},"53":{"start":{"line":145,"column":10},"end":{"line":149,"column":4}},"54":{"start":{"line":146,"column":4},"end":{"line":146,"column":66}},"55":{"start":{"line":148,"column":4},"end":{"line":148,"column":63}}},"fnMap":{"0":{"name":"(anonymous_0)","decl":{"start":{"line":1,"column":23},"end":{"line":1,"column":24}},"loc":{"start":{"line":1,"column":42},"end":{"line":41,"column":10}},"line":1},"1":{"name":"__webpack_require__","decl":{"start":{"line":6,"column":18},"end":{"line":6,"column":37}},"loc":{"start":{"line":6,"column":48},"end":{"line":27,"column":11}},"line":6},"2":{"name":"(anonymous_2)","decl":{"start":{"line":45,"column":5},"end":{"line":45,"column":6}},"loc":{"start":{"line":45,"column":53},"end":{"line":50,"column":7}},"line":45},"3":{"name":"(anonymous_3)","decl":{"start":{"line":52,"column":5},"end":{"line":52,"column":6}},"loc":{"start":{"line":52,"column":32},"end":{"line":153,"column":7}},"line":52},"4":{"name":"processMessage","decl":{"start":{"line":58,"column":31},"end":{"line":58,"column":45}},"loc":{"start":{"line":58,"column":65},"end":{"line":95,"column":2}},"line":58},"5":{"name":"(anonymous_5)","decl":{"start":{"line":88,"column":26},"end":{"line":88,"column":27}},"loc":{"start":{"line":88,"column":38},"end":{"line":90,"column":5}},"line":88},"6":{"name":"(anonymous_6)","decl":{"start":{"line":97,"column":23},"end":{"line":97,"column":24}},"loc":{"start":{"line":97,"column":35},"end":{"line":99,"column":2}},"line":97},"7":{"name":"(anonymous_7)","decl":{"start":{"line":102,"column":38},"end":{"line":102,"column":39}},"loc":{"start":{"line":102,"column":68},"end":{"line":115,"column":2}},"line":102},"8":{"name":"(anonymous_8)","decl":{"start":{"line":104,"column":25},"end":{"line":104,"column":26}},"loc":{"start":{"line":104,"column":37},"end":{"line":113,"column":4}},"line":104},"9":{"name":"(anonymous_9)","decl":{"start":{"line":118,"column":40},"end":{"line":118,"column":41}},"loc":{"start":{"line":118,"column":59},"end":{"line":127,"column":2}},"line":118},"10":{"name":"(anonymous_10)","decl":{"start":{"line":120,"column":14},"end":{"line":120,"column":15}},"loc":{"start":{"line":120,"column":26},"end":{"line":123,"column":4}},"line":120},"11":{"name":"(anonymous_11)","decl":{"start":{"line":130,"column":38},"end":{"line":130,"column":39}},"loc":{"start":{"line":130,"column":79},"end":{"line":132,"column":2}},"line":130},"12":{"name":"(anonymous_12)","decl":{"start":{"line":135,"column":37},"end":{"line":135,"column":38}},"loc":{"start":{"line":135,"column":49},"end":{"line":151,"column":2}},"line":135},"13":{"name":"(anonymous_13)","decl":{"start":{"line":139,"column":2},"end":{"line":139,"column":3}},"loc":{"start":{"line":139,"column":18},"end":{"line":150,"column":3}},"line":139}},"branchMap":{"0":{"loc":{"start":{"line":9,"column":10},"end":{"line":10,"column":53}},"type":"if","locations":[{"start":{"line":9,"column":10},"end":{"line":10,"column":53}},{"start":{"line":9,"column":10},"end":{"line":10,"column":53}}],"line":9},"1":{"loc":{"start":{"line":60,"column":2},"end":{"line":93,"column":51}},"type":"switch","locations":[{"start":{"line":61,"column":3},"end":{"line":67,"column":10}},{"start":{"line":68,"column":3},"end":{"line":74,"column":10}},{"start":{"line":75,"column":3},"end":{"line":91,"column":10}},{"start":{"line":92,"column":3},"end":{"line":93,"column":50}}],"line":60},"2":{"loc":{"start":{"line":77,"column":4},"end":{"line":85,"column":5}},"type":"if","locations":[{"start":{"line":77,"column":4},"end":{"line":85,"column":5}},{"start":{"line":77,"column":4},"end":{"line":85,"column":5}}],"line":77},"3":{"loc":{"start":{"line":77,"column":8},"end":{"line":77,"column":83}},"type":"binary-expr","locations":[{"start":{"line":77,"column":8},"end":{"line":77,"column":49}},{"start":{"line":77,"column":53},"end":{"line":77,"column":83}}],"line":77},"4":{"loc":{"start":{"line":81,"column":11},"end":{"line":85,"column":5}},"type":"if","locations":[{"start":{"line":81,"column":11},"end":{"line":85,"column":5}},{"start":{"line":81,"column":11},"end":{"line":85,"column":5}}],"line":81},"5":{"loc":{"start":{"line":103,"column":2},"end":{"line":114,"column":3}},"type":"if","locations":[{"start":{"line":103,"column":2},"end":{"line":114,"column":3}},{"start":{"line":103,"column":2},"end":{"line":114,"column":3}}],"line":103},"6":{"loc":{"start":{"line":106,"column":4},"end":{"line":110,"column":5}},"type":"if","locations":[{"start":{"line":106,"column":4},"end":{"line":110,"column":5}},{"start":{"line":106,"column":4},"end":{"line":110,"column":5}}],"line":106},"7":{"loc":{"start":{"line":119,"column":2},"end":{"line":126,"column":3}},"type":"if","locations":[{"start":{"line":119,"column":2},"end":{"line":126,"column":3}},{"start":{"line":119,"column":2},"end":{"line":126,"column":3}}],"line":119},"8":{"loc":{"start":{"line":124,"column":9},"end":{"line":126,"column":3}},"type":"if","locations":[{"start":{"line":124,"column":9},"end":{"line":126,"column":3}},{"start":{"line":124,"column":9},"end":{"line":126,"column":3}}],"line":124},"9":{"loc":{"start":{"line":143,"column":3},"end":{"line":149,"column":4}},"type":"if","locations":[{"start":{"line":143,"column":3},"end":{"line":149,"column":4}},{"start":{"line":143,"column":3},"end":{"line":149,"column":4}}],"line":143},"10":{"loc":{"start":{"line":143,"column":7},"end":{"line":143,"column":76}},"type":"binary-expr","locations":[{"start":{"line":143,"column":7},"end":{"line":143,"column":42}},{"start":{"line":143,"column":46},"end":{"line":143,"column":76}}],"line":143},"11":{"loc":{"start":{"line":145,"column":10},"end":{"line":149,"column":4}},"type":"if","locations":[{"start":{"line":145,"column":10},"end":{"line":149,"column":4}},{"start":{"line":145,"column":10},"end":{"line":149,"column":4}}],"line":145}},"s":{"0":0,"1":0,"2":0,"3":0,"4":0,"5":0,"6":0,"7":0,"8":0,"9":0,"10":0,"11":0,"12":0,"13":0,"14":0,"15":0,"16":0,"17":0,"18":0,"19":0,"20":0,"21":0,"22":0,"23":0,"24":0,"25":0,"26":0,"27":0,"28":0,"29":0,"30":0,"31":0,"32":0,"33":0,"34":0,"35":0,"36":0,"37":0,"38":0,"39":0,"40":0,"41":0,"42":0,"43":0,"44":0,"45":0,"46":0,"47":0,"48":0,"49":0,"50":0,"51":0,"52":0,"53":0,"54":0,"55":0},"f":{"0":0,"1":0,"2":0,"3":0,"4":0,"5":0,"6":0,"7":0,"8":0,"9":0,"10":0,"11":0,"12":0,"13":0},"b":{"0":[0,0],"1":[0,0,0,0],"2":[0,0],"3":[0,0],"4":[0,0],"5":[0,0],"6":[0,0],"7":[0,0],"8":[0,0],"9":[0,0],"10":[0,0],"11":[0,0]}}
,"/Users/markhayden/go/src/github.com/markhayden/lytics-stealth/dist/contentinit.js": {"path":"/Users/markhayden/go/src/github.com/markhayden/lytics-stealth/dist/contentinit.js","statementMap":{"0":{"start":{"line":1,"column":22},"end":{"line":195,"column":11}},"1":{"start":{"line":3,"column":32},"end":{"line":3,"column":34}},"2":{"start":{"line":9,"column":10},"end":{"line":10,"column":53}},"3":{"start":{"line":10,"column":11},"end":{"line":10,"column":53}},"4":{"start":{"line":13,"column":23},"end":{"line":17,"column":13}},"5":{"start":{"line":20,"column":10},"end":{"line":20,"column":94}},"6":{"start":{"line":23,"column":10},"end":{"line":23,"column":31}},"7":{"start":{"line":26,"column":10},"end":{"line":26,"column":32}},"8":{"start":{"line":31,"column":9},"end":{"line":31,"column":41}},"9":{"start":{"line":34,"column":9},"end":{"line":34,"column":50}},"10":{"start":{"line":37,"column":9},"end":{"line":37,"column":36}},"11":{"start":{"line":40,"column":9},"end":{"line":40,"column":39}},"12":{"start":{"line":47,"column":1},"end":{"line":47,"column":41}},"13":{"start":{"line":57,"column":1},"end":{"line":59,"column":4}},"14":{"start":{"line":62,"column":1},"end":{"line":192,"column":4}},"15":{"start":{"line":64,"column":2},"end":{"line":66,"column":3}},"16":{"start":{"line":65,"column":3},"end":{"line":65,"column":10}},"17":{"start":{"line":68,"column":2},"end":{"line":71,"column":3}},"18":{"start":{"line":69,"column":3},"end":{"line":69,"column":163}},"19":{"start":{"line":70,"column":3},"end":{"line":70,"column":10}},"20":{"start":{"line":74,"column":2},"end":{"line":74,"column":62}},"21":{"start":{"line":76,"column":16},"end":{"line":184,"column":3}},"22":{"start":{"line":77,"column":3},"end":{"line":123,"column":24}},"23":{"start":{"line":79,"column":22},"end":{"line":79,"column":39}},"24":{"start":{"line":80,"column":4},"end":{"line":80,"column":29}},"25":{"start":{"line":83,"column":4},"end":{"line":89,"column":9}},"26":{"start":{"line":85,"column":6},"end":{"line":85,"column":62}},"27":{"start":{"line":88,"column":6},"end":{"line":88,"column":51}},"28":{"start":{"line":92,"column":4},"end":{"line":106,"column":6}},"29":{"start":{"line":93,"column":19},"end":{"line":93,"column":21}},"30":{"start":{"line":94,"column":5},"end":{"line":98,"column":6}},"31":{"start":{"line":95,"column":17},"end":{"line":95,"column":27}},"32":{"start":{"line":96,"column":6},"end":{"line":96,"column":64}},"33":{"start":{"line":97,"column":6},"end":{"line":97,"column":50}},"34":{"start":{"line":100,"column":5},"end":{"line":100,"column":121}},"35":{"start":{"line":103,"column":19},"end":{"line":103,"column":74}},"36":{"start":{"line":104,"column":5},"end":{"line":104,"column":21}},"37":{"start":{"line":105,"column":5},"end":{"line":105,"column":94}},"38":{"start":{"line":108,"column":4},"end":{"line":120,"column":6}},"39":{"start":{"line":109,"column":16},"end":{"line":109,"column":45}},"40":{"start":{"line":110,"column":5},"end":{"line":110,"column":23}},"41":{"start":{"line":112,"column":5},"end":{"line":115,"column":6}},"42":{"start":{"line":113,"column":6},"end":{"line":113,"column":52}},"43":{"start":{"line":114,"column":6},"end":{"line":114,"column":72}},"44":{"start":{"line":117,"column":5},"end":{"line":117,"column":32}},"45":{"start":{"line":119,"column":5},"end":{"line":119,"column":17}},"46":{"start":{"line":122,"column":4},"end":{"line":122,"column":32}},"47":{"start":{"line":126,"column":26},"end":{"line":177,"column":4}},"48":{"start":{"line":127,"column":4},"end":{"line":127,"column":22}},"49":{"start":{"line":129,"column":12},"end":{"line":129,"column":18}},"50":{"start":{"line":130,"column":22},"end":{"line":130,"column":24}},"51":{"start":{"line":131,"column":26},"end":{"line":131,"column":28}},"52":{"start":{"line":134,"column":4},"end":{"line":136,"column":5}},"53":{"start":{"line":135,"column":5},"end":{"line":135,"column":29}},"54":{"start":{"line":140,"column":4},"end":{"line":151,"column":5}},"55":{"start":{"line":141,"column":5},"end":{"line":143,"column":6}},"56":{"start":{"line":142,"column":6},"end":{"line":142,"column":15}},"57":{"start":{"line":145,"column":5},"end":{"line":150,"column":6}},"58":{"start":{"line":146,"column":6},"end":{"line":146,"column":80}},"59":{"start":{"line":148,"column":6},"end":{"line":148,"column":65}},"60":{"start":{"line":149,"column":6},"end":{"line":149,"column":89}},"61":{"start":{"line":153,"column":4},"end":{"line":160,"column":5}},"62":{"start":{"line":154,"column":5},"end":{"line":159,"column":6}},"63":{"start":{"line":155,"column":6},"end":{"line":158,"column":7}},"64":{"start":{"line":156,"column":7},"end":{"line":156,"column":34}},"65":{"start":{"line":157,"column":7},"end":{"line":157,"column":76}},"66":{"start":{"line":162,"column":4},"end":{"line":176,"column":5}},"67":{"start":{"line":163,"column":5},"end":{"line":166,"column":6}},"68":{"start":{"line":164,"column":6},"end":{"line":164,"column":62}},"69":{"start":{"line":165,"column":6},"end":{"line":165,"column":45}},"70":{"start":{"line":167,"column":5},"end":{"line":167,"column":49}},"71":{"start":{"line":168,"column":5},"end":{"line":168,"column":47}},"72":{"start":{"line":169,"column":5},"end":{"line":169,"column":99}},"73":{"start":{"line":170,"column":5},"end":{"line":170,"column":56}},"74":{"start":{"line":171,"column":5},"end":{"line":171,"column":23}},"75":{"start":{"line":174,"column":5},"end":{"line":174,"column":51}},"76":{"start":{"line":175,"column":5},"end":{"line":175,"column":55}},"77":{"start":{"line":179,"column":3},"end":{"line":179,"column":34}},"78":{"start":{"line":182,"column":3},"end":{"line":182,"column":394}},"79":{"start":{"line":182,"column":21},"end":{"line":182,"column":374}},"80":{"start":{"line":182,"column":155},"end":{"line":182,"column":267}},"81":{"start":{"line":182,"column":210},"end":{"line":182,"column":212}},"82":{"start":{"line":182,"column":213},"end":{"line":182,"column":266}},"83":{"start":{"line":182,"column":267},"end":{"line":182,"column":372}},"84":{"start":{"line":183,"column":3},"end":{"line":183,"column":67}},"85":{"start":{"line":186,"column":2},"end":{"line":186,"column":49}},"86":{"start":{"line":189,"column":15},"end":{"line":189,"column":47}},"87":{"start":{"line":190,"column":2},"end":{"line":190,"column":56}},"88":{"start":{"line":191,"column":2},"end":{"line":191,"column":47}}},"fnMap":{"0":{"name":"(anonymous_0)","decl":{"start":{"line":1,"column":23},"end":{"line":1,"column":24}},"loc":{"start":{"line":1,"column":42},"end":{"line":41,"column":10}},"line":1},"1":{"name":"__webpack_require__","decl":{"start":{"line":6,"column":18},"end":{"line":6,"column":37}},"loc":{"start":{"line":6,"column":48},"end":{"line":27,"column":11}},"line":6},"2":{"name":"(anonymous_2)","decl":{"start":{"line":45,"column":5},"end":{"line":45,"column":6}},"loc":{"start":{"line":45,"column":53},"end":{"line":50,"column":7}},"line":45},"3":{"name":"(anonymous_3)","decl":{"start":{"line":53,"column":5},"end":{"line":53,"column":6}},"loc":{"start":{"line":53,"column":32},"end":{"line":194,"column":7}},"line":53},"4":{"name":"(anonymous_4)","decl":{"start":{"line":57,"column":90},"end":{"line":57,"column":91}},"loc":{"start":{"line":57,"column":110},"end":{"line":59,"column":2}},"line":57},"5":{"name":"(anonymous_5)","decl":{"start":{"line":62,"column":91},"end":{"line":62,"column":92}},"loc":{"start":{"line":62,"column":111},"end":{"line":192,"column":2}},"line":62},"6":{"name":"handoff","decl":{"start":{"line":76,"column":25},"end":{"line":76,"column":32}},"loc":{"start":{"line":76,"column":35},"end":{"line":184,"column":3}},"line":76},"7":{"name":"(anonymous_7)","decl":{"start":{"line":77,"column":4},"end":{"line":77,"column":5}},"loc":{"start":{"line":77,"column":20},"end":{"line":123,"column":4}},"line":77},"8":{"name":"set","decl":{"start":{"line":84,"column":19},"end":{"line":84,"column":22}},"loc":{"start":{"line":84,"column":35},"end":{"line":86,"column":6}},"line":84},"9":{"name":"get","decl":{"start":{"line":87,"column":19},"end":{"line":87,"column":22}},"loc":{"start":{"line":87,"column":28},"end":{"line":89,"column":6}},"line":87},"10":{"name":"(anonymous_10)","decl":{"start":{"line":92,"column":28},"end":{"line":92,"column":29}},"loc":{"start":{"line":92,"column":57},"end":{"line":106,"column":5}},"line":92},"11":{"name":"(anonymous_11)","decl":{"start":{"line":108,"column":28},"end":{"line":108,"column":29}},"loc":{"start":{"line":108,"column":40},"end":{"line":120,"column":5}},"line":108},"12":{"name":"onLyticsCallback","decl":{"start":{"line":126,"column":35},"end":{"line":126,"column":51}},"loc":{"start":{"line":126,"column":58},"end":{"line":177,"column":4}},"line":126},"13":{"name":"(anonymous_13)","decl":{"start":{"line":182,"column":4},"end":{"line":182,"column":5}},"loc":{"start":{"line":182,"column":20},"end":{"line":182,"column":375}},"line":182},"14":{"name":"(anonymous_14)","decl":{"start":{"line":182,"column":138},"end":{"line":182,"column":139}},"loc":{"start":{"line":182,"column":154},"end":{"line":182,"column":373}},"line":182}},"branchMap":{"0":{"loc":{"start":{"line":9,"column":10},"end":{"line":10,"column":53}},"type":"if","locations":[{"start":{"line":9,"column":10},"end":{"line":10,"column":53}},{"start":{"line":9,"column":10},"end":{"line":10,"column":53}}],"line":9},"1":{"loc":{"start":{"line":64,"column":2},"end":{"line":66,"column":3}},"type":"if","locations":[{"start":{"line":64,"column":2},"end":{"line":66,"column":3}},{"start":{"line":64,"column":2},"end":{"line":66,"column":3}}],"line":64},"2":{"loc":{"start":{"line":68,"column":2},"end":{"line":71,"column":3}},"type":"if","locations":[{"start":{"line":68,"column":2},"end":{"line":71,"column":3}},{"start":{"line":68,"column":2},"end":{"line":71,"column":3}}],"line":68},"3":{"loc":{"start":{"line":79,"column":22},"end":{"line":79,"column":39}},"type":"binary-expr","locations":[{"start":{"line":79,"column":22},"end":{"line":79,"column":33}},{"start":{"line":79,"column":37},"end":{"line":79,"column":39}}],"line":79},"4":{"loc":{"start":{"line":94,"column":5},"end":{"line":98,"column":6}},"type":"if","locations":[{"start":{"line":94,"column":5},"end":{"line":98,"column":6}},{"start":{"line":94,"column":5},"end":{"line":98,"column":6}}],"line":94},"5":{"loc":{"start":{"line":112,"column":5},"end":{"line":115,"column":6}},"type":"if","locations":[{"start":{"line":112,"column":5},"end":{"line":115,"column":6}},{"start":{"line":112,"column":5},"end":{"line":115,"column":6}}],"line":112},"6":{"loc":{"start":{"line":134,"column":4},"end":{"line":136,"column":5}},"type":"if","locations":[{"start":{"line":134,"column":4},"end":{"line":136,"column":5}},{"start":{"line":134,"column":4},"end":{"line":136,"column":5}}],"line":134},"7":{"loc":{"start":{"line":141,"column":5},"end":{"line":143,"column":6}},"type":"if","locations":[{"start":{"line":141,"column":5},"end":{"line":143,"column":6}},{"start":{"line":141,"column":5},"end":{"line":143,"column":6}}],"line":141},"8":{"loc":{"start":{"line":145,"column":5},"end":{"line":150,"column":6}},"type":"if","locations":[{"start":{"line":145,"column":5},"end":{"line":150,"column":6}},{"start":{"line":145,"column":5},"end":{"line":150,"column":6}}],"line":145},"9":{"loc":{"start":{"line":155,"column":6},"end":{"line":158,"column":7}},"type":"if","locations":[{"start":{"line":155,"column":6},"end":{"line":158,"column":7}},{"start":{"line":155,"column":6},"end":{"line":158,"column":7}}],"line":155},"10":{"loc":{"start":{"line":162,"column":4},"end":{"line":176,"column":5}},"type":"if","locations":[{"start":{"line":162,"column":4},"end":{"line":176,"column":5}},{"start":{"line":162,"column":4},"end":{"line":176,"column":5}}],"line":162},"11":{"loc":{"start":{"line":162,"column":8},"end":{"line":162,"column":29}},"type":"binary-expr","locations":[{"start":{"line":162,"column":8},"end":{"line":162,"column":12}},{"start":{"line":162,"column":16},"end":{"line":162,"column":29}}],"line":162},"12":{"loc":{"start":{"line":182,"column":34},"end":{"line":182,"column":50}},"type":"binary-expr","locations":[{"start":{"line":182,"column":34},"end":{"line":182,"column":44}},{"start":{"line":182,"column":48},"end":{"line":182,"column":50}}],"line":182},"13":{"loc":{"start":{"line":182,"column":74},"end":{"line":182,"column":99}},"type":"binary-expr","locations":[{"start":{"line":182,"column":74},"end":{"line":182,"column":93}},{"start":{"line":182,"column":97},"end":{"line":182,"column":99}}],"line":182},"14":{"loc":{"start":{"line":182,"column":155},"end":{"line":182,"column":267}},"type":"if","locations":[{"start":{"line":182,"column":155},"end":{"line":182,"column":267}},{"start":{"line":182,"column":155},"end":{"line":182,"column":267}}],"line":182},"15":{"loc":{"start":{"line":182,"column":267},"end":{"line":182,"column":371}},"type":"cond-expr","locations":[{"start":{"line":182,"column":291},"end":{"line":182,"column":304}},{"start":{"line":182,"column":307},"end":{"line":182,"column":371}}],"line":182},"16":{"loc":{"start":{"line":182,"column":267},"end":{"line":182,"column":288}},"type":"binary-expr","locations":[{"start":{"line":182,"column":267},"end":{"line":182,"column":272}},{"start":{"line":182,"column":276},"end":{"line":182,"column":288}}],"line":182},"17":{"loc":{"start":{"line":182,"column":307},"end":{"line":182,"column":371}},"type":"cond-expr","locations":[{"start":{"line":182,"column":311},"end":{"line":182,"column":341}},{"start":{"line":182,"column":344},"end":{"line":182,"column":371}}],"line":182}},"s":{"0":0,"1":0,"2":0,"3":0,"4":0,"5":0,"6":0,"7":0,"8":0,"9":0,"10":0,"11":0,"12":0,"13":0,"14":0,"15":0,"16":0,"17":0,"18":0,"19":0,"20":0,"21":0,"22":0,"23":0,"24":0,"25":0,"26":0,"27":0,"28":0,"29":0,"30":0,"31":0,"32":0,"33":0,"34":0,"35":0,"36":0,"37":0,"38":0,"39":0,"40":0,"41":0,"42":0,"43":0,"44":0,"45":0,"46":0,"47":0,"48":0,"49":0,"50":0,"51":0,"52":0,"53":0,"54":0,"55":0,"56":0,"57":0,"58":0,"59":0,"60":0,"61":0,"62":0,"63":0,"64":0,"65":0,"66":0,"67":0,"68":0,"69":0,"70":0,"71":0,"72":0,"73":0,"74":0,"75":0,"76":0,"77":0,"78":0,"79":0,"80":0,"81":0,"82":0,"83":0,"84":0,"85":0,"86":0,"87":0,"88":0},"f":{"0":0,"1":0,"2":0,"3":0,"4":0,"5":0,"6":0,"7":0,"8":0,"9":0,"10":0,"11":0,"12":0,"13":0,"14":0},"b":{"0":[0,0],"1":[0,0],"2":[0,0],"3":[0,0],"4":[0,0],"5":[0,0],"6":[0,0],"7":[0,0],"8":[0,0],"9":[0,0],"10":[0,0],"11":[0,0],"12":[0,0],"13":[0,0],"14":[0,0],"15":[0,0],"16":[0,0],"17":[0,0]}}
,"/Users/markhayden/go/src/github.com/markhayden/lytics-stealth/dist/contentlytics.js": {"path":"/Users/markhayden/go/src/github.com/markhayden/lytics-stealth/dist/contentlytics.js","statementMap":{"0":{"start":{"line":1,"column":22},"end":{"line":87,"column":11}},"1":{"start":{"line":3,"column":32},"end":{"line":3,"column":34}},"2":{"start":{"line":9,"column":10},"end":{"line":10,"column":53}},"3":{"start":{"line":10,"column":11},"end":{"line":10,"column":53}},"4":{"start":{"line":13,"column":23},"end":{"line":17,"column":13}},"5":{"start":{"line":20,"column":10},"end":{"line":20,"column":94}},"6":{"start":{"line":23,"column":10},"end":{"line":23,"column":31}},"7":{"start":{"line":26,"column":10},"end":{"line":26,"column":32}},"8":{"start":{"line":31,"column":9},"end":{"line":31,"column":41}},"9":{"start":{"line":34,"column":9},"end":{"line":34,"column":50}},"10":{"start":{"line":37,"column":9},"end":{"line":37,"column":36}},"11":{"start":{"line":40,"column":9},"end":{"line":40,"column":39}},"12":{"start":{"line":47,"column":1},"end":{"line":47,"column":41}},"13":{"start":{"line":57,"column":1},"end":{"line":84,"column":4}},"14":{"start":{"line":59,"column":2},"end":{"line":61,"column":3}},"15":{"start":{"line":60,"column":3},"end":{"line":60,"column":10}},"16":{"start":{"line":63,"column":2},"end":{"line":66,"column":3}},"17":{"start":{"line":64,"column":3},"end":{"line":64,"column":196}},"18":{"start":{"line":65,"column":3},"end":{"line":65,"column":10}},"19":{"start":{"line":69,"column":2},"end":{"line":69,"column":58}},"20":{"start":{"line":71,"column":20},"end":{"line":78,"column":3}},"21":{"start":{"line":73,"column":3},"end":{"line":77,"column":4}},"22":{"start":{"line":74,"column":4},"end":{"line":74,"column":53}},"23":{"start":{"line":75,"column":4},"end":{"line":75,"column":1055}},"24":{"start":{"line":75,"column":47},"end":{"line":75,"column":107}},"25":{"start":{"line":75,"column":67},"end":{"line":75,"column":105}},"26":{"start":{"line":75,"column":130},"end":{"line":75,"column":165}},"27":{"start":{"line":75,"column":166},"end":{"line":75,"column":234}},"28":{"start":{"line":75,"column":188},"end":{"line":75,"column":231}},"29":{"start":{"line":75,"column":243},"end":{"line":75,"column":301}},"30":{"start":{"line":75,"column":306},"end":{"line":75,"column":327}},"31":{"start":{"line":75,"column":328},"end":{"line":75,"column":942}},"32":{"start":{"line":75,"column":358},"end":{"line":75,"column":414}},"33":{"start":{"line":75,"column":454},"end":{"line":75,"column":486}},"34":{"start":{"line":75,"column":487},"end":{"line":75,"column":577}},"35":{"start":{"line":75,"column":585},"end":{"line":75,"column":627}},"36":{"start":{"line":75,"column":628},"end":{"line":75,"column":660}},"37":{"start":{"line":75,"column":799},"end":{"line":75,"column":836}},"38":{"start":{"line":75,"column":865},"end":{"line":75,"column":885}},"39":{"start":{"line":75,"column":916},"end":{"line":75,"column":936}},"40":{"start":{"line":76,"column":4},"end":{"line":76,"column":50}},"41":{"start":{"line":80,"column":2},"end":{"line":80,"column":66}},"42":{"start":{"line":81,"column":15},"end":{"line":81,"column":47}},"43":{"start":{"line":82,"column":2},"end":{"line":82,"column":60}},"44":{"start":{"line":83,"column":2},"end":{"line":83,"column":47}}},"fnMap":{"0":{"name":"(anonymous_0)","decl":{"start":{"line":1,"column":23},"end":{"line":1,"column":24}},"loc":{"start":{"line":1,"column":42},"end":{"line":41,"column":10}},"line":1},"1":{"name":"__webpack_require__","decl":{"start":{"line":6,"column":18},"end":{"line":6,"column":37}},"loc":{"start":{"line":6,"column":48},"end":{"line":27,"column":11}},"line":6},"2":{"name":"(anonymous_2)","decl":{"start":{"line":45,"column":5},"end":{"line":45,"column":6}},"loc":{"start":{"line":45,"column":53},"end":{"line":50,"column":7}},"line":45},"3":{"name":"(anonymous_3)","decl":{"start":{"line":54,"column":5},"end":{"line":54,"column":6}},"loc":{"start":{"line":54,"column":32},"end":{"line":86,"column":7}},"line":54},"4":{"name":"(anonymous_4)","decl":{"start":{"line":57,"column":86},"end":{"line":57,"column":87}},"loc":{"start":{"line":57,"column":106},"end":{"line":84,"column":2}},"line":57},"5":{"name":"lyticsproxy","decl":{"start":{"line":71,"column":29},"end":{"line":71,"column":40}},"loc":{"start":{"line":71,"column":43},"end":{"line":78,"column":3}},"line":71},"6":{"name":"(anonymous_6)","decl":{"start":{"line":75,"column":19},"end":{"line":75,"column":20}},"loc":{"start":{"line":75,"column":31},"end":{"line":75,"column":943}},"line":75},"7":{"name":"t","decl":{"start":{"line":75,"column":41},"end":{"line":75,"column":42}},"loc":{"start":{"line":75,"column":46},"end":{"line":75,"column":108}},"line":75},"8":{"name":"(anonymous_8)","decl":{"start":{"line":75,"column":54},"end":{"line":75,"column":55}},"loc":{"start":{"line":75,"column":66},"end":{"line":75,"column":106}},"line":75},"9":{"name":"n","decl":{"start":{"line":75,"column":117},"end":{"line":75,"column":118}},"loc":{"start":{"line":75,"column":121},"end":{"line":75,"column":235}},"line":75},"10":{"name":"(anonymous_10)","decl":{"start":{"line":75,"column":175},"end":{"line":75,"column":176}},"loc":{"start":{"line":75,"column":187},"end":{"line":75,"column":232}},"line":75},"11":{"name":"(anonymous_11)","decl":{"start":{"line":75,"column":344},"end":{"line":75,"column":345}},"loc":{"start":{"line":75,"column":357},"end":{"line":75,"column":415}},"line":75},"12":{"name":"(anonymous_12)","decl":{"start":{"line":75,"column":432},"end":{"line":75,"column":433}},"loc":{"start":{"line":75,"column":445},"end":{"line":75,"column":661}},"line":75},"13":{"name":"(anonymous_13)","decl":{"start":{"line":75,"column":785},"end":{"line":75,"column":786}},"loc":{"start":{"line":75,"column":798},"end":{"line":75,"column":837}},"line":75},"14":{"name":"(anonymous_14)","decl":{"start":{"line":75,"column":852},"end":{"line":75,"column":853}},"loc":{"start":{"line":75,"column":864},"end":{"line":75,"column":886}},"line":75},"15":{"name":"(anonymous_15)","decl":{"start":{"line":75,"column":903},"end":{"line":75,"column":904}},"loc":{"start":{"line":75,"column":915},"end":{"line":75,"column":937}},"line":75}},"branchMap":{"0":{"loc":{"start":{"line":9,"column":10},"end":{"line":10,"column":53}},"type":"if","locations":[{"start":{"line":9,"column":10},"end":{"line":10,"column":53}},{"start":{"line":9,"column":10},"end":{"line":10,"column":53}}],"line":9},"1":{"loc":{"start":{"line":59,"column":2},"end":{"line":61,"column":3}},"type":"if","locations":[{"start":{"line":59,"column":2},"end":{"line":61,"column":3}},{"start":{"line":59,"column":2},"end":{"line":61,"column":3}}],"line":59},"2":{"loc":{"start":{"line":63,"column":2},"end":{"line":66,"column":3}},"type":"if","locations":[{"start":{"line":63,"column":2},"end":{"line":66,"column":3}},{"start":{"line":63,"column":2},"end":{"line":66,"column":3}}],"line":63},"3":{"loc":{"start":{"line":73,"column":3},"end":{"line":77,"column":4}},"type":"if","locations":[{"start":{"line":73,"column":3},"end":{"line":77,"column":4}},{"start":{"line":73,"column":3},"end":{"line":77,"column":4}}],"line":73},"4":{"loc":{"start":{"line":75,"column":375},"end":{"line":75,"column":407}},"type":"binary-expr","locations":[{"start":{"line":75,"column":375},"end":{"line":75,"column":388}},{"start":{"line":75,"column":392},"end":{"line":75,"column":407}}],"line":75}},"s":{"0":0,"1":0,"2":0,"3":0,"4":0,"5":0,"6":0,"7":0,"8":0,"9":0,"10":0,"11":0,"12":0,"13":0,"14":0,"15":0,"16":0,"17":0,"18":0,"19":0,"20":0,"21":0,"22":0,"23":0,"24":0,"25":0,"26":0,"27":0,"28":0,"29":0,"30":0,"31":0,"32":0,"33":0,"34":0,"35":0,"36":0,"37":0,"38":0,"39":0,"40":0,"41":0,"42":0,"43":0,"44":0},"f":{"0":0,"1":0,"2":0,"3":0,"4":0,"5":0,"6":0,"7":0,"8":0,"9":0,"10":0,"11":0,"12":0,"13":0,"14":0,"15":0},"b":{"0":[0,0],"1":[0,0],"2":[0,0],"3":[0,0],"4":[0,0]}}
,"/Users/markhayden/go/src/github.com/markhayden/lytics-stealth/dist/stealth.js": {"path":"/Users/markhayden/go/src/github.com/markhayden/lytics-stealth/dist/stealth.js","statementMap":{"0":{"start":{"line":1,"column":9},"end":{"line":818,"column":12}},"1":{"start":{"line":3,"column":33},"end":{"line":3,"column":35}},"2":{"start":{"line":9,"column":11},"end":{"line":10,"column":54}},"3":{"start":{"line":10,"column":12},"end":{"line":10,"column":54}},"4":{"start":{"line":13,"column":24},"end":{"line":17,"column":12}},"5":{"start":{"line":20,"column":11},"end":{"line":20,"column":95}},"6":{"start":{"line":23,"column":11},"end":{"line":23,"column":32}},"7":{"start":{"line":26,"column":11},"end":{"line":26,"column":33}},"8":{"start":{"line":31,"column":10},"end":{"line":31,"column":42}},"9":{"start":{"line":34,"column":10},"end":{"line":34,"column":51}},"10":{"start":{"line":37,"column":10},"end":{"line":37,"column":37}},"11":{"start":{"line":40,"column":10},"end":{"line":40,"column":40}},"12":{"start":{"line":48,"column":1},"end":{"line":48,"column":43}},"13":{"start":{"line":56,"column":1},"end":{"line":626,"column":22}},"14":{"start":{"line":59,"column":17},"end":{"line":59,"column":30}},"15":{"start":{"line":60,"column":3},"end":{"line":60,"column":30}},"16":{"start":{"line":61,"column":3},"end":{"line":61,"column":33}},"17":{"start":{"line":68,"column":3},"end":{"line":81,"column":4}},"18":{"start":{"line":88,"column":3},"end":{"line":91,"column":4}},"19":{"start":{"line":98,"column":3},"end":{"line":98,"column":20}},"20":{"start":{"line":100,"column":3},"end":{"line":100,"column":28}},"21":{"start":{"line":102,"column":3},"end":{"line":126,"column":4}},"22":{"start":{"line":103,"column":21},"end":{"line":103,"column":32}},"23":{"start":{"line":104,"column":27},"end":{"line":104,"column":67}},"24":{"start":{"line":106,"column":5},"end":{"line":123,"column":6}},"25":{"start":{"line":108,"column":9},"end":{"line":110,"column":10}},"26":{"start":{"line":109,"column":11},"end":{"line":109,"column":40}},"27":{"start":{"line":111,"column":9},"end":{"line":111,"column":15}},"28":{"start":{"line":113,"column":9},"end":{"line":113,"column":38}},"29":{"start":{"line":114,"column":9},"end":{"line":114,"column":15}},"30":{"start":{"line":116,"column":9},"end":{"line":116,"column":39}},"31":{"start":{"line":117,"column":9},"end":{"line":117,"column":15}},"32":{"start":{"line":119,"column":9},"end":{"line":119,"column":40}},"33":{"start":{"line":120,"column":9},"end":{"line":120,"column":15}},"34":{"start":{"line":122,"column":9},"end":{"line":122,"column":22}},"35":{"start":{"line":125,"column":5},"end":{"line":125,"column":28}},"36":{"start":{"line":133,"column":3},"end":{"line":133,"column":23}},"37":{"start":{"line":135,"column":3},"end":{"line":145,"column":4}},"38":{"start":{"line":136,"column":15},"end":{"line":136,"column":17}},"39":{"start":{"line":137,"column":5},"end":{"line":137,"column":22}},"40":{"start":{"line":139,"column":5},"end":{"line":144,"column":7}},"41":{"start":{"line":140,"column":7},"end":{"line":142,"column":8}},"42":{"start":{"line":141,"column":9},"end":{"line":141,"column":24}},"43":{"start":{"line":143,"column":7},"end":{"line":143,"column":19}},"44":{"start":{"line":147,"column":3},"end":{"line":154,"column":4}},"45":{"start":{"line":148,"column":5},"end":{"line":153,"column":7}},"46":{"start":{"line":149,"column":7},"end":{"line":151,"column":8}},"47":{"start":{"line":150,"column":9},"end":{"line":150,"column":24}},"48":{"start":{"line":152,"column":7},"end":{"line":152,"column":19}},"49":{"start":{"line":156,"column":3},"end":{"line":160,"column":4}},"50":{"start":{"line":158,"column":7},"end":{"line":158,"column":66}},"51":{"start":{"line":162,"column":3},"end":{"line":169,"column":4}},"52":{"start":{"line":164,"column":7},"end":{"line":167,"column":9}},"53":{"start":{"line":165,"column":9},"end":{"line":165,"column":75}},"54":{"start":{"line":166,"column":9},"end":{"line":166,"column":41}},"55":{"start":{"line":176,"column":3},"end":{"line":209,"column":4}},"56":{"start":{"line":177,"column":5},"end":{"line":203,"column":6}},"57":{"start":{"line":178,"column":21},"end":{"line":178,"column":78}},"58":{"start":{"line":180,"column":7},"end":{"line":202,"column":8}},"59":{"start":{"line":182,"column":9},"end":{"line":201,"column":10}},"60":{"start":{"line":183,"column":11},"end":{"line":183,"column":40}},"61":{"start":{"line":184,"column":11},"end":{"line":192,"column":13}},"62":{"start":{"line":185,"column":24},"end":{"line":189,"column":14}},"63":{"start":{"line":191,"column":13},"end":{"line":191,"column":25}},"64":{"start":{"line":194,"column":22},"end":{"line":198,"column":12}},"65":{"start":{"line":200,"column":11},"end":{"line":200,"column":23}},"66":{"start":{"line":205,"column":5},"end":{"line":208,"column":6}},"67":{"start":{"line":216,"column":3},"end":{"line":300,"column":5}},"68":{"start":{"line":218,"column":7},"end":{"line":220,"column":8}},"69":{"start":{"line":219,"column":9},"end":{"line":219,"column":22}},"70":{"start":{"line":222,"column":7},"end":{"line":224,"column":8}},"71":{"start":{"line":223,"column":9},"end":{"line":223,"column":35}},"72":{"start":{"line":226,"column":7},"end":{"line":228,"column":8}},"73":{"start":{"line":227,"column":9},"end":{"line":227,"column":22}},"74":{"start":{"line":230,"column":17},"end":{"line":230,"column":85}},"75":{"start":{"line":231,"column":7},"end":{"line":236,"column":8}},"76":{"start":{"line":232,"column":9},"end":{"line":234,"column":10}},"77":{"start":{"line":233,"column":11},"end":{"line":233,"column":26}},"78":{"start":{"line":235,"column":9},"end":{"line":235,"column":21}},"79":{"start":{"line":238,"column":7},"end":{"line":240,"column":8}},"80":{"start":{"line":239,"column":9},"end":{"line":239,"column":25}},"81":{"start":{"line":242,"column":7},"end":{"line":242,"column":20}},"82":{"start":{"line":245,"column":7},"end":{"line":248,"column":8}},"83":{"start":{"line":246,"column":9},"end":{"line":246,"column":38}},"84":{"start":{"line":247,"column":9},"end":{"line":247,"column":22}},"85":{"start":{"line":250,"column":7},"end":{"line":252,"column":8}},"86":{"start":{"line":251,"column":9},"end":{"line":251,"column":56}},"87":{"start":{"line":254,"column":17},"end":{"line":254,"column":88}},"88":{"start":{"line":255,"column":7},"end":{"line":262,"column":8}},"89":{"start":{"line":256,"column":9},"end":{"line":256,"column":78}},"90":{"start":{"line":258,"column":9},"end":{"line":260,"column":10}},"91":{"start":{"line":259,"column":11},"end":{"line":259,"column":69}},"92":{"start":{"line":261,"column":9},"end":{"line":261,"column":21}},"93":{"start":{"line":264,"column":7},"end":{"line":266,"column":8}},"94":{"start":{"line":265,"column":9},"end":{"line":265,"column":68}},"95":{"start":{"line":267,"column":7},"end":{"line":267,"column":20}},"96":{"start":{"line":270,"column":7},"end":{"line":272,"column":8}},"97":{"start":{"line":271,"column":9},"end":{"line":271,"column":22}},"98":{"start":{"line":274,"column":17},"end":{"line":274,"column":88}},"99":{"start":{"line":275,"column":7},"end":{"line":282,"column":8}},"100":{"start":{"line":276,"column":9},"end":{"line":276,"column":66}},"101":{"start":{"line":278,"column":9},"end":{"line":280,"column":10}},"102":{"start":{"line":279,"column":11},"end":{"line":279,"column":69}},"103":{"start":{"line":281,"column":9},"end":{"line":281,"column":21}},"104":{"start":{"line":284,"column":7},"end":{"line":286,"column":8}},"105":{"start":{"line":285,"column":9},"end":{"line":285,"column":68}},"106":{"start":{"line":287,"column":7},"end":{"line":287,"column":20}},"107":{"start":{"line":290,"column":7},"end":{"line":292,"column":8}},"108":{"start":{"line":291,"column":9},"end":{"line":291,"column":21}},"109":{"start":{"line":294,"column":7},"end":{"line":298,"column":8}},"110":{"start":{"line":295,"column":9},"end":{"line":295,"column":21}},"111":{"start":{"line":297,"column":9},"end":{"line":297,"column":22}},"112":{"start":{"line":307,"column":3},"end":{"line":326,"column":4}},"113":{"start":{"line":309,"column":7},"end":{"line":311,"column":8}},"114":{"start":{"line":310,"column":9},"end":{"line":310,"column":49}},"115":{"start":{"line":313,"column":7},"end":{"line":317,"column":8}},"116":{"start":{"line":314,"column":9},"end":{"line":314,"column":48}},"117":{"start":{"line":316,"column":9},"end":{"line":316,"column":19}},"118":{"start":{"line":320,"column":7},"end":{"line":322,"column":8}},"119":{"start":{"line":321,"column":9},"end":{"line":321,"column":41}},"120":{"start":{"line":323,"column":7},"end":{"line":323,"column":47}},"121":{"start":{"line":324,"column":7},"end":{"line":324,"column":19}},"122":{"start":{"line":332,"column":3},"end":{"line":332,"column":23}},"123":{"start":{"line":334,"column":3},"end":{"line":337,"column":4}},"124":{"start":{"line":335,"column":5},"end":{"line":335,"column":47}},"125":{"start":{"line":336,"column":5},"end":{"line":336,"column":37}},"126":{"start":{"line":339,"column":3},"end":{"line":341,"column":4}},"127":{"start":{"line":340,"column":5},"end":{"line":340,"column":84}},"128":{"start":{"line":343,"column":3},"end":{"line":357,"column":4}},"129":{"start":{"line":345,"column":5},"end":{"line":345,"column":60}},"130":{"start":{"line":346,"column":5},"end":{"line":348,"column":6}},"131":{"start":{"line":347,"column":7},"end":{"line":347,"column":44}},"132":{"start":{"line":351,"column":5},"end":{"line":351,"column":59}},"133":{"start":{"line":352,"column":5},"end":{"line":354,"column":6}},"134":{"start":{"line":353,"column":7},"end":{"line":353,"column":44}},"135":{"start":{"line":356,"column":5},"end":{"line":356,"column":22}},"136":{"start":{"line":359,"column":3},"end":{"line":404,"column":4}},"137":{"start":{"line":361,"column":19},"end":{"line":361,"column":53}},"138":{"start":{"line":363,"column":5},"end":{"line":368,"column":6}},"139":{"start":{"line":364,"column":7},"end":{"line":367,"column":8}},"140":{"start":{"line":365,"column":9},"end":{"line":365,"column":26}},"141":{"start":{"line":366,"column":9},"end":{"line":366,"column":15}},"142":{"start":{"line":370,"column":5},"end":{"line":375,"column":6}},"143":{"start":{"line":371,"column":7},"end":{"line":374,"column":8}},"144":{"start":{"line":372,"column":9},"end":{"line":372,"column":26}},"145":{"start":{"line":373,"column":9},"end":{"line":373,"column":24}},"146":{"start":{"line":377,"column":5},"end":{"line":403,"column":6}},"147":{"start":{"line":378,"column":7},"end":{"line":378,"column":73}},"148":{"start":{"line":379,"column":7},"end":{"line":379,"column":46}},"149":{"start":{"line":380,"column":7},"end":{"line":380,"column":39}},"150":{"start":{"line":383,"column":21},"end":{"line":383,"column":94}},"151":{"start":{"line":386,"column":7},"end":{"line":398,"column":8}},"152":{"start":{"line":387,"column":9},"end":{"line":395,"column":10}},"153":{"start":{"line":389,"column":23},"end":{"line":389,"column":50}},"154":{"start":{"line":390,"column":11},"end":{"line":392,"column":12}},"155":{"start":{"line":391,"column":15},"end":{"line":391,"column":45}},"156":{"start":{"line":394,"column":11},"end":{"line":394,"column":36}},"157":{"start":{"line":397,"column":9},"end":{"line":397,"column":30}},"158":{"start":{"line":400,"column":7},"end":{"line":400,"column":55}},"159":{"start":{"line":402,"column":7},"end":{"line":402,"column":39}},"160":{"start":{"line":406,"column":3},"end":{"line":409,"column":4}},"161":{"start":{"line":407,"column":5},"end":{"line":407,"column":83}},"162":{"start":{"line":408,"column":5},"end":{"line":408,"column":29}},"163":{"start":{"line":411,"column":3},"end":{"line":422,"column":4}},"164":{"start":{"line":412,"column":14},"end":{"line":412,"column":56}},"165":{"start":{"line":413,"column":15},"end":{"line":413,"column":17}},"166":{"start":{"line":415,"column":5},"end":{"line":419,"column":6}},"167":{"start":{"line":416,"column":7},"end":{"line":418,"column":8}},"168":{"start":{"line":417,"column":9},"end":{"line":417,"column":45}},"169":{"start":{"line":421,"column":5},"end":{"line":421,"column":16}},"170":{"start":{"line":429,"column":3},"end":{"line":429,"column":21}},"171":{"start":{"line":431,"column":3},"end":{"line":440,"column":4}},"172":{"start":{"line":432,"column":17},"end":{"line":432,"column":35}},"173":{"start":{"line":435,"column":5},"end":{"line":437,"column":6}},"174":{"start":{"line":436,"column":7},"end":{"line":436,"column":24}},"175":{"start":{"line":439,"column":5},"end":{"line":439,"column":22}},"176":{"start":{"line":442,"column":3},"end":{"line":444,"column":4}},"177":{"start":{"line":443,"column":5},"end":{"line":443,"column":78}},"178":{"start":{"line":446,"column":3},"end":{"line":469,"column":4}},"179":{"start":{"line":448,"column":19},"end":{"line":448,"column":50}},"180":{"start":{"line":453,"column":5},"end":{"line":458,"column":6}},"181":{"start":{"line":454,"column":7},"end":{"line":457,"column":8}},"182":{"start":{"line":455,"column":9},"end":{"line":455,"column":26}},"183":{"start":{"line":456,"column":9},"end":{"line":456,"column":15}},"184":{"start":{"line":460,"column":5},"end":{"line":465,"column":6}},"185":{"start":{"line":461,"column":7},"end":{"line":461,"column":70}},"186":{"start":{"line":463,"column":7},"end":{"line":463,"column":22}},"187":{"start":{"line":464,"column":7},"end":{"line":464,"column":69}},"188":{"start":{"line":467,"column":5},"end":{"line":467,"column":41}},"189":{"start":{"line":468,"column":5},"end":{"line":468,"column":37}},"190":{"start":{"line":471,"column":3},"end":{"line":477,"column":4}},"191":{"start":{"line":473,"column":5},"end":{"line":473,"column":55}},"192":{"start":{"line":476,"column":5},"end":{"line":476,"column":47}},"193":{"start":{"line":479,"column":3},"end":{"line":527,"column":4}},"194":{"start":{"line":480,"column":17},"end":{"line":480,"column":35}},"195":{"start":{"line":482,"column":5},"end":{"line":482,"column":55}},"196":{"start":{"line":484,"column":5},"end":{"line":521,"column":6}},"197":{"start":{"line":485,"column":7},"end":{"line":485,"column":52}},"198":{"start":{"line":488,"column":7},"end":{"line":488,"column":56}},"199":{"start":{"line":492,"column":7},"end":{"line":502,"column":8}},"200":{"start":{"line":493,"column":9},"end":{"line":493,"column":140}},"201":{"start":{"line":494,"column":9},"end":{"line":494,"column":88}},"202":{"start":{"line":496,"column":9},"end":{"line":496,"column":105}},"203":{"start":{"line":497,"column":9},"end":{"line":501,"column":10}},"204":{"start":{"line":498,"column":11},"end":{"line":498,"column":47}},"205":{"start":{"line":500,"column":11},"end":{"line":500,"column":62}},"206":{"start":{"line":505,"column":7},"end":{"line":505,"column":82}},"207":{"start":{"line":508,"column":7},"end":{"line":510,"column":8}},"208":{"start":{"line":509,"column":9},"end":{"line":509,"column":81}},"209":{"start":{"line":513,"column":7},"end":{"line":517,"column":8}},"210":{"start":{"line":514,"column":9},"end":{"line":516,"column":10}},"211":{"start":{"line":515,"column":11},"end":{"line":515,"column":84}},"212":{"start":{"line":519,"column":7},"end":{"line":519,"column":39}},"213":{"start":{"line":520,"column":7},"end":{"line":520,"column":14}},"214":{"start":{"line":523,"column":5},"end":{"line":526,"column":6}},"215":{"start":{"line":534,"column":3},"end":{"line":548,"column":4}},"216":{"start":{"line":536,"column":20},"end":{"line":536,"column":45}},"217":{"start":{"line":537,"column":7},"end":{"line":537,"column":39}},"218":{"start":{"line":539,"column":7},"end":{"line":543,"column":9}},"219":{"start":{"line":540,"column":9},"end":{"line":542,"column":10}},"220":{"start":{"line":541,"column":11},"end":{"line":541,"column":22}},"221":{"start":{"line":545,"column":7},"end":{"line":545,"column":24}},"222":{"start":{"line":546,"column":7},"end":{"line":546,"column":61}},"223":{"start":{"line":550,"column":3},"end":{"line":552,"column":4}},"224":{"start":{"line":551,"column":5},"end":{"line":551,"column":19}},"225":{"start":{"line":554,"column":3},"end":{"line":556,"column":4}},"226":{"start":{"line":555,"column":5},"end":{"line":555,"column":68}},"227":{"start":{"line":558,"column":3},"end":{"line":591,"column":4}},"228":{"start":{"line":559,"column":20},"end":{"line":559,"column":22}},"229":{"start":{"line":560,"column":16},"end":{"line":560,"column":21}},"230":{"start":{"line":561,"column":13},"end":{"line":561,"column":14}},"231":{"start":{"line":562,"column":18},"end":{"line":562,"column":34}},"232":{"start":{"line":565,"column":5},"end":{"line":568,"column":6}},"233":{"start":{"line":566,"column":9},"end":{"line":566,"column":29}},"234":{"start":{"line":567,"column":9},"end":{"line":567,"column":13}},"235":{"start":{"line":571,"column":17},"end":{"line":582,"column":6}},"236":{"start":{"line":572,"column":9},"end":{"line":581,"column":10}},"237":{"start":{"line":573,"column":13},"end":{"line":580,"column":14}},"238":{"start":{"line":575,"column":17},"end":{"line":579,"column":18}},"239":{"start":{"line":576,"column":21},"end":{"line":576,"column":80}},"240":{"start":{"line":578,"column":21},"end":{"line":578,"column":48}},"241":{"start":{"line":585,"column":5},"end":{"line":588,"column":6}},"242":{"start":{"line":586,"column":19},"end":{"line":586,"column":31}},"243":{"start":{"line":587,"column":9},"end":{"line":587,"column":20}},"244":{"start":{"line":590,"column":5},"end":{"line":590,"column":21}},"245":{"start":{"line":593,"column":3},"end":{"line":595,"column":4}},"246":{"start":{"line":594,"column":5},"end":{"line":594,"column":70}},"247":{"start":{"line":597,"column":3},"end":{"line":599,"column":4}},"248":{"start":{"line":598,"column":5},"end":{"line":598,"column":116}},"249":{"start":{"line":606,"column":3},"end":{"line":622,"column":4}},"250":{"start":{"line":607,"column":5},"end":{"line":607,"column":57}},"251":{"start":{"line":609,"column":5},"end":{"line":621,"column":8}},"252":{"start":{"line":611,"column":7},"end":{"line":611,"column":59}},"253":{"start":{"line":614,"column":7},"end":{"line":618,"column":8}},"254":{"start":{"line":615,"column":9},"end":{"line":617,"column":11}},"255":{"start":{"line":616,"column":11},"end":{"line":616,"column":125}},"256":{"start":{"line":620,"column":7},"end":{"line":620,"column":18}},"257":{"start":{"line":624,"column":3},"end":{"line":624,"column":23}},"258":{"start":{"line":633,"column":23},"end":{"line":736,"column":2}},"259":{"start":{"line":738,"column":1},"end":{"line":738,"column":34}},"260":{"start":{"line":745,"column":20},"end":{"line":812,"column":2}},"261":{"start":{"line":814,"column":1},"end":{"line":814,"column":31}}},"fnMap":{"0":{"name":"(anonymous_0)","decl":{"start":{"line":1,"column":10},"end":{"line":1,"column":11}},"loc":{"start":{"line":1,"column":28},"end":{"line":41,"column":10}},"line":1},"1":{"name":"__webpack_require__","decl":{"start":{"line":6,"column":19},"end":{"line":6,"column":38}},"loc":{"start":{"line":6,"column":49},"end":{"line":27,"column":11}},"line":6},"2":{"name":"(anonymous_2)","decl":{"start":{"line":46,"column":6},"end":{"line":46,"column":7}},"loc":{"start":{"line":46,"column":53},"end":{"line":51,"column":7}},"line":46},"3":{"name":"(anonymous_3)","decl":{"start":{"line":54,"column":6},"end":{"line":54,"column":7}},"loc":{"start":{"line":54,"column":53},"end":{"line":628,"column":7}},"line":54},"4":{"name":"(anonymous_4)","decl":{"start":{"line":56,"column":2},"end":{"line":56,"column":3}},"loc":{"start":{"line":56,"column":16},"end":{"line":626,"column":2}},"line":56},"5":{"name":"(anonymous_5)","decl":{"start":{"line":102,"column":21},"end":{"line":102,"column":22}},"loc":{"start":{"line":102,"column":47},"end":{"line":126,"column":4}},"line":102},"6":{"name":"(anonymous_6)","decl":{"start":{"line":135,"column":25},"end":{"line":135,"column":26}},"loc":{"start":{"line":135,"column":55},"end":{"line":145,"column":4}},"line":135},"7":{"name":"(anonymous_7)","decl":{"start":{"line":139,"column":34},"end":{"line":139,"column":35}},"loc":{"start":{"line":139,"column":48},"end":{"line":144,"column":6}},"line":139},"8":{"name":"(anonymous_8)","decl":{"start":{"line":147,"column":25},"end":{"line":147,"column":26}},"loc":{"start":{"line":147,"column":48},"end":{"line":154,"column":4}},"line":147},"9":{"name":"(anonymous_9)","decl":{"start":{"line":148,"column":34},"end":{"line":148,"column":35}},"loc":{"start":{"line":148,"column":48},"end":{"line":153,"column":6}},"line":148},"10":{"name":"(anonymous_10)","decl":{"start":{"line":157,"column":15},"end":{"line":157,"column":16}},"loc":{"start":{"line":157,"column":33},"end":{"line":159,"column":6}},"line":157},"11":{"name":"(anonymous_11)","decl":{"start":{"line":163,"column":15},"end":{"line":163,"column":16}},"loc":{"start":{"line":163,"column":33},"end":{"line":168,"column":6}},"line":163},"12":{"name":"(anonymous_12)","decl":{"start":{"line":164,"column":39},"end":{"line":164,"column":40}},"loc":{"start":{"line":164,"column":53},"end":{"line":167,"column":8}},"line":164},"13":{"name":"(anonymous_13)","decl":{"start":{"line":176,"column":18},"end":{"line":176,"column":19}},"loc":{"start":{"line":176,"column":28},"end":{"line":209,"column":4}},"line":176},"14":{"name":"(anonymous_14)","decl":{"start":{"line":184,"column":63},"end":{"line":184,"column":64}},"loc":{"start":{"line":184,"column":73},"end":{"line":192,"column":12}},"line":184},"15":{"name":"(anonymous_15)","decl":{"start":{"line":217,"column":14},"end":{"line":217,"column":15}},"loc":{"start":{"line":217,"column":39},"end":{"line":243,"column":6}},"line":217},"16":{"name":"(anonymous_16)","decl":{"start":{"line":244,"column":10},"end":{"line":244,"column":11}},"loc":{"start":{"line":244,"column":38},"end":{"line":268,"column":6}},"line":244},"17":{"name":"(anonymous_17)","decl":{"start":{"line":269,"column":13},"end":{"line":269,"column":14}},"loc":{"start":{"line":269,"column":41},"end":{"line":288,"column":6}},"line":269},"18":{"name":"(anonymous_18)","decl":{"start":{"line":289,"column":15},"end":{"line":289,"column":16}},"loc":{"start":{"line":289,"column":32},"end":{"line":299,"column":6}},"line":289},"19":{"name":"(anonymous_19)","decl":{"start":{"line":308,"column":10},"end":{"line":308,"column":11}},"loc":{"start":{"line":308,"column":23},"end":{"line":318,"column":6}},"line":308},"20":{"name":"(anonymous_20)","decl":{"start":{"line":319,"column":10},"end":{"line":319,"column":11}},"loc":{"start":{"line":319,"column":30},"end":{"line":325,"column":6}},"line":319},"21":{"name":"(anonymous_21)","decl":{"start":{"line":334,"column":30},"end":{"line":334,"column":31}},"loc":{"start":{"line":334,"column":54},"end":{"line":337,"column":4}},"line":334},"22":{"name":"(anonymous_22)","decl":{"start":{"line":339,"column":25},"end":{"line":339,"column":26}},"loc":{"start":{"line":339,"column":36},"end":{"line":341,"column":4}},"line":339},"23":{"name":"(anonymous_23)","decl":{"start":{"line":343,"column":25},"end":{"line":343,"column":26}},"loc":{"start":{"line":343,"column":39},"end":{"line":357,"column":4}},"line":343},"24":{"name":"(anonymous_24)","decl":{"start":{"line":359,"column":28},"end":{"line":359,"column":29}},"loc":{"start":{"line":359,"column":68},"end":{"line":404,"column":4}},"line":359},"25":{"name":"(anonymous_25)","decl":{"start":{"line":406,"column":27},"end":{"line":406,"column":28}},"loc":{"start":{"line":406,"column":40},"end":{"line":409,"column":4}},"line":406},"26":{"name":"(anonymous_26)","decl":{"start":{"line":411,"column":33},"end":{"line":411,"column":34}},"loc":{"start":{"line":411,"column":45},"end":{"line":422,"column":4}},"line":411},"27":{"name":"(anonymous_27)","decl":{"start":{"line":431,"column":22},"end":{"line":431,"column":23}},"loc":{"start":{"line":431,"column":34},"end":{"line":440,"column":4}},"line":431},"28":{"name":"(anonymous_28)","decl":{"start":{"line":442,"column":22},"end":{"line":442,"column":23}},"loc":{"start":{"line":442,"column":33},"end":{"line":444,"column":4}},"line":442},"29":{"name":"(anonymous_29)","decl":{"start":{"line":446,"column":25},"end":{"line":446,"column":26}},"loc":{"start":{"line":446,"column":64},"end":{"line":469,"column":4}},"line":446},"30":{"name":"(anonymous_30)","decl":{"start":{"line":471,"column":24},"end":{"line":471,"column":25}},"loc":{"start":{"line":471,"column":48},"end":{"line":477,"column":4}},"line":471},"31":{"name":"(anonymous_31)","decl":{"start":{"line":479,"column":27},"end":{"line":479,"column":28}},"loc":{"start":{"line":479,"column":58},"end":{"line":527,"column":4}},"line":479},"32":{"name":"(anonymous_32)","decl":{"start":{"line":535,"column":11},"end":{"line":535,"column":12}},"loc":{"start":{"line":535,"column":34},"end":{"line":547,"column":6}},"line":535},"33":{"name":"(anonymous_33)","decl":{"start":{"line":539,"column":23},"end":{"line":539,"column":24}},"loc":{"start":{"line":539,"column":33},"end":{"line":543,"column":8}},"line":539},"34":{"name":"(anonymous_34)","decl":{"start":{"line":550,"column":19},"end":{"line":550,"column":20}},"loc":{"start":{"line":550,"column":35},"end":{"line":552,"column":4}},"line":550},"35":{"name":"(anonymous_35)","decl":{"start":{"line":554,"column":20},"end":{"line":554,"column":21}},"loc":{"start":{"line":554,"column":36},"end":{"line":556,"column":4}},"line":554},"36":{"name":"(anonymous_36)","decl":{"start":{"line":558,"column":20},"end":{"line":558,"column":21}},"loc":{"start":{"line":558,"column":30},"end":{"line":591,"column":4}},"line":558},"37":{"name":"(anonymous_37)","decl":{"start":{"line":571,"column":17},"end":{"line":571,"column":18}},"loc":{"start":{"line":571,"column":32},"end":{"line":582,"column":6}},"line":571},"38":{"name":"(anonymous_38)","decl":{"start":{"line":593,"column":16},"end":{"line":593,"column":17}},"loc":{"start":{"line":593,"column":27},"end":{"line":595,"column":4}},"line":593},"39":{"name":"(anonymous_39)","decl":{"start":{"line":597,"column":17},"end":{"line":597,"column":18}},"loc":{"start":{"line":597,"column":28},"end":{"line":599,"column":4}},"line":597},"40":{"name":"(anonymous_40)","decl":{"start":{"line":606,"column":18},"end":{"line":606,"column":19}},"loc":{"start":{"line":606,"column":37},"end":{"line":622,"column":4}},"line":606},"41":{"name":"(anonymous_41)","decl":{"start":{"line":609,"column":27},"end":{"line":609,"column":28}},"loc":{"start":{"line":609,"column":37},"end":{"line":621,"column":6}},"line":609},"42":{"name":"(anonymous_42)","decl":{"start":{"line":615,"column":78},"end":{"line":615,"column":79}},"loc":{"start":{"line":615,"column":88},"end":{"line":617,"column":10}},"line":615},"43":{"name":"(anonymous_43)","decl":{"start":{"line":631,"column":6},"end":{"line":631,"column":7}},"loc":{"start":{"line":631,"column":32},"end":{"line":740,"column":7}},"line":631},"44":{"name":"(anonymous_44)","decl":{"start":{"line":743,"column":6},"end":{"line":743,"column":7}},"loc":{"start":{"line":743,"column":32},"end":{"line":816,"column":7}},"line":743}},"branchMap":{"0":{"loc":{"start":{"line":9,"column":11},"end":{"line":10,"column":54}},"type":"if","locations":[{"start":{"line":9,"column":11},"end":{"line":10,"column":54}},{"start":{"line":9,"column":11},"end":{"line":10,"column":54}}],"line":9},"1":{"loc":{"start":{"line":59,"column":17},"end":{"line":59,"column":30}},"type":"binary-expr","locations":[{"start":{"line":59,"column":17},"end":{"line":59,"column":24}},{"start":{"line":59,"column":28},"end":{"line":59,"column":30}}],"line":59},"2":{"loc":{"start":{"line":106,"column":5},"end":{"line":123,"column":6}},"type":"switch","locations":[{"start":{"line":107,"column":7},"end":{"line":111,"column":15}},{"start":{"line":112,"column":7},"end":{"line":114,"column":15}},{"start":{"line":115,"column":7},"end":{"line":117,"column":15}},{"start":{"line":118,"column":7},"end":{"line":120,"column":15}},{"start":{"line":121,"column":7},"end":{"line":122,"column":22}}],"line":106},"3":{"loc":{"start":{"line":108,"column":9},"end":{"line":110,"column":10}},"type":"if","locations":[{"start":{"line":108,"column":9},"end":{"line":110,"column":10}},{"start":{"line":108,"column":9},"end":{"line":110,"column":10}}],"line":108},"4":{"loc":{"start":{"line":140,"column":7},"end":{"line":142,"column":8}},"type":"if","locations":[{"start":{"line":140,"column":7},"end":{"line":142,"column":8}},{"start":{"line":140,"column":7},"end":{"line":142,"column":8}}],"line":140},"5":{"loc":{"start":{"line":149,"column":7},"end":{"line":151,"column":8}},"type":"if","locations":[{"start":{"line":149,"column":7},"end":{"line":151,"column":8}},{"start":{"line":149,"column":7},"end":{"line":151,"column":8}}],"line":149},"6":{"loc":{"start":{"line":177,"column":5},"end":{"line":203,"column":6}},"type":"if","locations":[{"start":{"line":177,"column":5},"end":{"line":203,"column":6}},{"start":{"line":177,"column":5},"end":{"line":203,"column":6}}],"line":177},"7":{"loc":{"start":{"line":180,"column":7},"end":{"line":202,"column":8}},"type":"if","locations":[{"start":{"line":180,"column":7},"end":{"line":202,"column":8}},{"start":{"line":180,"column":7},"end":{"line":202,"column":8}}],"line":180},"8":{"loc":{"start":{"line":182,"column":9},"end":{"line":201,"column":10}},"type":"if","locations":[{"start":{"line":182,"column":9},"end":{"line":201,"column":10}},{"start":{"line":182,"column":9},"end":{"line":201,"column":10}}],"line":182},"9":{"loc":{"start":{"line":218,"column":7},"end":{"line":220,"column":8}},"type":"if","locations":[{"start":{"line":218,"column":7},"end":{"line":220,"column":8}},{"start":{"line":218,"column":7},"end":{"line":220,"column":8}}],"line":218},"10":{"loc":{"start":{"line":218,"column":10},"end":{"line":218,"column":108}},"type":"binary-expr","locations":[{"start":{"line":218,"column":10},"end":{"line":218,"column":52}},{"start":{"line":218,"column":56},"end":{"line":218,"column":108}}],"line":218},"11":{"loc":{"start":{"line":222,"column":7},"end":{"line":224,"column":8}},"type":"if","locations":[{"start":{"line":222,"column":7},"end":{"line":224,"column":8}},{"start":{"line":222,"column":7},"end":{"line":224,"column":8}}],"line":222},"12":{"loc":{"start":{"line":226,"column":7},"end":{"line":228,"column":8}},"type":"if","locations":[{"start":{"line":226,"column":7},"end":{"line":228,"column":8}},{"start":{"line":226,"column":7},"end":{"line":228,"column":8}}],"line":226},"13":{"loc":{"start":{"line":231,"column":7},"end":{"line":236,"column":8}},"type":"if","locations":[{"start":{"line":231,"column":7},"end":{"line":236,"column":8}},{"start":{"line":231,"column":7},"end":{"line":236,"column":8}}],"line":231},"14":{"loc":{"start":{"line":231,"column":10},"end":{"line":231,"column":76}},"type":"binary-expr","locations":[{"start":{"line":231,"column":10},"end":{"line":231,"column":18}},{"start":{"line":231,"column":22},"end":{"line":231,"column":76}}],"line":231},"15":{"loc":{"start":{"line":232,"column":9},"end":{"line":234,"column":10}},"type":"if","locations":[{"start":{"line":232,"column":9},"end":{"line":234,"column":10}},{"start":{"line":232,"column":9},"end":{"line":234,"column":10}}],"line":232},"16":{"loc":{"start":{"line":238,"column":7},"end":{"line":240,"column":8}},"type":"if","locations":[{"start":{"line":238,"column":7},"end":{"line":240,"column":8}},{"start":{"line":238,"column":7},"end":{"line":240,"column":8}}],"line":238},"17":{"loc":{"start":{"line":245,"column":7},"end":{"line":248,"column":8}},"type":"if","locations":[{"start":{"line":245,"column":7},"end":{"line":248,"column":8}},{"start":{"line":245,"column":7},"end":{"line":248,"column":8}}],"line":245},"18":{"loc":{"start":{"line":250,"column":7},"end":{"line":252,"column":8}},"type":"if","locations":[{"start":{"line":250,"column":7},"end":{"line":252,"column":8}},{"start":{"line":250,"column":7},"end":{"line":252,"column":8}}],"line":250},"19":{"loc":{"start":{"line":255,"column":7},"end":{"line":262,"column":8}},"type":"if","locations":[{"start":{"line":255,"column":7},"end":{"line":262,"column":8}},{"start":{"line":255,"column":7},"end":{"line":262,"column":8}}],"line":255},"20":{"loc":{"start":{"line":258,"column":9},"end":{"line":260,"column":10}},"type":"if","locations":[{"start":{"line":258,"column":9},"end":{"line":260,"column":10}},{"start":{"line":258,"column":9},"end":{"line":260,"column":10}}],"line":258},"21":{"loc":{"start":{"line":264,"column":7},"end":{"line":266,"column":8}},"type":"if","locations":[{"start":{"line":264,"column":7},"end":{"line":266,"column":8}},{"start":{"line":264,"column":7},"end":{"line":266,"column":8}}],"line":264},"22":{"loc":{"start":{"line":270,"column":7},"end":{"line":272,"column":8}},"type":"if","locations":[{"start":{"line":270,"column":7},"end":{"line":272,"column":8}},{"start":{"line":270,"column":7},"end":{"line":272,"column":8}}],"line":270},"23":{"loc":{"start":{"line":275,"column":7},"end":{"line":282,"column":8}},"type":"if","locations":[{"start":{"line":275,"column":7},"end":{"line":282,"column":8}},{"start":{"line":275,"column":7},"end":{"line":282,"column":8}}],"line":275},"24":{"loc":{"start":{"line":278,"column":9},"end":{"line":280,"column":10}},"type":"if","locations":[{"start":{"line":278,"column":9},"end":{"line":280,"column":10}},{"start":{"line":278,"column":9},"end":{"line":280,"column":10}}],"line":278},"25":{"loc":{"start":{"line":284,"column":7},"end":{"line":286,"column":8}},"type":"if","locations":[{"start":{"line":284,"column":7},"end":{"line":286,"column":8}},{"start":{"line":284,"column":7},"end":{"line":286,"column":8}}],"line":284},"26":{"loc":{"start":{"line":290,"column":7},"end":{"line":292,"column":8}},"type":"if","locations":[{"start":{"line":290,"column":7},"end":{"line":292,"column":8}},{"start":{"line":290,"column":7},"end":{"line":292,"column":8}}],"line":290},"27":{"loc":{"start":{"line":294,"column":7},"end":{"line":298,"column":8}},"type":"if","locations":[{"start":{"line":294,"column":7},"end":{"line":298,"column":8}},{"start":{"line":294,"column":7},"end":{"line":298,"column":8}}],"line":294},"28":{"loc":{"start":{"line":309,"column":7},"end":{"line":311,"column":8}},"type":"if","locations":[{"start":{"line":309,"column":7},"end":{"line":311,"column":8}},{"start":{"line":309,"column":7},"end":{"line":311,"column":8}}],"line":309},"29":{"loc":{"start":{"line":310,"column":16},"end":{"line":310,"column":48}},"type":"binary-expr","locations":[{"start":{"line":310,"column":16},"end":{"line":310,"column":42}},{"start":{"line":310,"column":46},"end":{"line":310,"column":48}}],"line":310},"30":{"loc":{"start":{"line":313,"column":7},"end":{"line":317,"column":8}},"type":"if","locations":[{"start":{"line":313,"column":7},"end":{"line":317,"column":8}},{"start":{"line":313,"column":7},"end":{"line":317,"column":8}}],"line":313},"31":{"loc":{"start":{"line":320,"column":7},"end":{"line":322,"column":8}},"type":"if","locations":[{"start":{"line":320,"column":7},"end":{"line":322,"column":8}},{"start":{"line":320,"column":7},"end":{"line":322,"column":8}}],"line":320},"32":{"loc":{"start":{"line":346,"column":5},"end":{"line":348,"column":6}},"type":"if","locations":[{"start":{"line":346,"column":5},"end":{"line":348,"column":6}},{"start":{"line":346,"column":5},"end":{"line":348,"column":6}}],"line":346},"33":{"loc":{"start":{"line":352,"column":5},"end":{"line":354,"column":6}},"type":"if","locations":[{"start":{"line":352,"column":5},"end":{"line":354,"column":6}},{"start":{"line":352,"column":5},"end":{"line":354,"column":6}}],"line":352},"34":{"loc":{"start":{"line":364,"column":7},"end":{"line":367,"column":8}},"type":"if","locations":[{"start":{"line":364,"column":7},"end":{"line":367,"column":8}},{"start":{"line":364,"column":7},"end":{"line":367,"column":8}}],"line":364},"35":{"loc":{"start":{"line":370,"column":5},"end":{"line":375,"column":6}},"type":"if","locations":[{"start":{"line":370,"column":5},"end":{"line":375,"column":6}},{"start":{"line":370,"column":5},"end":{"line":375,"column":6}}],"line":370},"36":{"loc":{"start":{"line":371,"column":7},"end":{"line":374,"column":8}},"type":"if","locations":[{"start":{"line":371,"column":7},"end":{"line":374,"column":8}},{"start":{"line":371,"column":7},"end":{"line":374,"column":8}}],"line":371},"37":{"loc":{"start":{"line":377,"column":5},"end":{"line":403,"column":6}},"type":"if","locations":[{"start":{"line":377,"column":5},"end":{"line":403,"column":6}},{"start":{"line":377,"column":5},"end":{"line":403,"column":6}}],"line":377},"38":{"loc":{"start":{"line":386,"column":7},"end":{"line":398,"column":8}},"type":"if","locations":[{"start":{"line":386,"column":7},"end":{"line":398,"column":8}},{"start":{"line":386,"column":7},"end":{"line":398,"column":8}}],"line":386},"39":{"loc":{"start":{"line":386,"column":10},"end":{"line":386,"column":52}},"type":"binary-expr","locations":[{"start":{"line":386,"column":10},"end":{"line":386,"column":28}},{"start":{"line":386,"column":32},"end":{"line":386,"column":52}}],"line":386},"40":{"loc":{"start":{"line":387,"column":9},"end":{"line":395,"column":10}},"type":"if","locations":[{"start":{"line":387,"column":9},"end":{"line":395,"column":10}},{"start":{"line":387,"column":9},"end":{"line":395,"column":10}}],"line":387},"41":{"loc":{"start":{"line":390,"column":11},"end":{"line":392,"column":12}},"type":"if","locations":[{"start":{"line":390,"column":11},"end":{"line":392,"column":12}},{"start":{"line":390,"column":11},"end":{"line":392,"column":12}}],"line":390},"42":{"loc":{"start":{"line":416,"column":7},"end":{"line":418,"column":8}},"type":"if","locations":[{"start":{"line":416,"column":7},"end":{"line":418,"column":8}},{"start":{"line":416,"column":7},"end":{"line":418,"column":8}}],"line":416},"43":{"loc":{"start":{"line":416,"column":10},"end":{"line":416,"column":47}},"type":"binary-expr","locations":[{"start":{"line":416,"column":10},"end":{"line":416,"column":38}},{"start":{"line":416,"column":42},"end":{"line":416,"column":47}}],"line":416},"44":{"loc":{"start":{"line":435,"column":5},"end":{"line":437,"column":6}},"type":"if","locations":[{"start":{"line":435,"column":5},"end":{"line":437,"column":6}},{"start":{"line":435,"column":5},"end":{"line":437,"column":6}}],"line":435},"45":{"loc":{"start":{"line":454,"column":7},"end":{"line":457,"column":8}},"type":"if","locations":[{"start":{"line":454,"column":7},"end":{"line":457,"column":8}},{"start":{"line":454,"column":7},"end":{"line":457,"column":8}}],"line":454},"46":{"loc":{"start":{"line":460,"column":5},"end":{"line":465,"column":6}},"type":"if","locations":[{"start":{"line":460,"column":5},"end":{"line":465,"column":6}},{"start":{"line":460,"column":5},"end":{"line":465,"column":6}}],"line":460},"47":{"loc":{"start":{"line":484,"column":5},"end":{"line":521,"column":6}},"type":"if","locations":[{"start":{"line":484,"column":5},"end":{"line":521,"column":6}},{"start":{"line":484,"column":5},"end":{"line":521,"column":6}}],"line":484},"48":{"loc":{"start":{"line":492,"column":7},"end":{"line":502,"column":8}},"type":"if","locations":[{"start":{"line":492,"column":7},"end":{"line":502,"column":8}},{"start":{"line":492,"column":7},"end":{"line":502,"column":8}}],"line":492},"49":{"loc":{"start":{"line":492,"column":10},"end":{"line":492,"column":164}},"type":"binary-expr","locations":[{"start":{"line":492,"column":10},"end":{"line":492,"column":36}},{"start":{"line":492,"column":40},"end":{"line":492,"column":108}},{"start":{"line":492,"column":112},"end":{"line":492,"column":164}}],"line":492},"50":{"loc":{"start":{"line":497,"column":9},"end":{"line":501,"column":10}},"type":"if","locations":[{"start":{"line":497,"column":9},"end":{"line":501,"column":10}},{"start":{"line":497,"column":9},"end":{"line":501,"column":10}}],"line":497},"51":{"loc":{"start":{"line":508,"column":7},"end":{"line":510,"column":8}},"type":"if","locations":[{"start":{"line":508,"column":7},"end":{"line":510,"column":8}},{"start":{"line":508,"column":7},"end":{"line":510,"column":8}}],"line":508},"52":{"loc":{"start":{"line":513,"column":7},"end":{"line":517,"column":8}},"type":"if","locations":[{"start":{"line":513,"column":7},"end":{"line":517,"column":8}},{"start":{"line":513,"column":7},"end":{"line":517,"column":8}}],"line":513},"53":{"loc":{"start":{"line":513,"column":10},"end":{"line":513,"column":68}},"type":"binary-expr","locations":[{"start":{"line":513,"column":10},"end":{"line":513,"column":15}},{"start":{"line":513,"column":19},"end":{"line":513,"column":68}}],"line":513},"54":{"loc":{"start":{"line":540,"column":9},"end":{"line":542,"column":10}},"type":"if","locations":[{"start":{"line":540,"column":9},"end":{"line":542,"column":10}},{"start":{"line":540,"column":9},"end":{"line":542,"column":10}}],"line":540},"55":{"loc":{"start":{"line":565,"column":5},"end":{"line":568,"column":6}},"type":"if","locations":[{"start":{"line":565,"column":5},"end":{"line":568,"column":6}},{"start":{"line":565,"column":5},"end":{"line":568,"column":6}}],"line":565},"56":{"loc":{"start":{"line":573,"column":13},"end":{"line":580,"column":14}},"type":"if","locations":[{"start":{"line":573,"column":13},"end":{"line":580,"column":14}},{"start":{"line":573,"column":13},"end":{"line":580,"column":14}}],"line":573},"57":{"loc":{"start":{"line":575,"column":17},"end":{"line":579,"column":18}},"type":"if","locations":[{"start":{"line":575,"column":17},"end":{"line":579,"column":18}},{"start":{"line":575,"column":17},"end":{"line":579,"column":18}}],"line":575},"58":{"loc":{"start":{"line":575,"column":22},"end":{"line":575,"column":93}},"type":"binary-expr","locations":[{"start":{"line":575,"column":22},"end":{"line":575,"column":26}},{"start":{"line":575,"column":30},"end":{"line":575,"column":93}}],"line":575},"59":{"loc":{"start":{"line":614,"column":7},"end":{"line":618,"column":8}},"type":"if","locations":[{"start":{"line":614,"column":7},"end":{"line":618,"column":8}},{"start":{"line":614,"column":7},"end":{"line":618,"column":8}}],"line":614}},"s":{"0":2,"1":2,"2":8,"3":0,"4":8,"5":8,"6":8,"7":8,"8":2,"9":2,"10":2,"11":2,"12":2,"13":2,"14":2,"15":2,"16":2,"17":2,"18":2,"19":2,"20":2,"21":2,"22":11,"23":11,"24":11,"25":7,"26":7,"27":7,"28":1,"29":1,"30":1,"31":1,"32":1,"33":1,"34":1,"35":10,"36":2,"37":2,"38":6,"39":6,"40":6,"41":6,"42":6,"43":6,"44":2,"45":2,"46":2,"47":2,"48":2,"49":2,"50":5,"51":2,"52":1,"53":1,"54":1,"55":2,"56":1,"57":1,"58":1,"59":1,"60":0,"61":0,"62":0,"63":0,"64":1,"65":1,"66":0,"67":2,"68":2,"69":0,"70":2,"71":0,"72":2,"73":0,"74":2,"75":2,"76":1,"77":1,"78":1,"79":1,"80":1,"81":1,"82":3,"83":0,"84":0,"85":3,"86":0,"87":3,"88":3,"89":2,"90":2,"91":2,"92":2,"93":1,"94":1,"95":1,"96":1,"97":0,"98":1,"99":1,"100":1,"101":1,"102":1,"103":1,"104":0,"105":0,"106":0,"107":11,"108":1,"109":10,"110":6,"111":4,"112":2,"113":2,"114":0,"115":2,"116":2,"117":0,"118":2,"119":1,"120":2,"121":2,"122":2,"123":2,"124":2,"125":2,"126":2,"127":0,"128":2,"129":3,"130":3,"131":0,"132":3,"133":3,"134":3,"135":0,"136":2,"137":0,"138":0,"139":0,"140":0,"141":0,"142":0,"143":0,"144":0,"145":0,"146":0,"147":0,"148":0,"149":0,"150":0,"151":0,"152":0,"153":0,"154":0,"155":0,"156":0,"157":0,"158":0,"159":0,"160":2,"161":0,"162":0,"163":2,"164":0,"165":0,"166":0,"167":0,"168":0,"169":0,"170":2,"171":2,"172":0,"173":0,"174":0,"175":0,"176":2,"177":0,"178":2,"179":0,"180":0,"181":0,"182":0,"183":0,"184":0,"185":0,"186":0,"187":0,"188":0,"189":0,"190":2,"191":0,"192":0,"193":2,"194":0,"195":0,"196":0,"197":0,"198":0,"199":0,"200":0,"201":0,"202":0,"203":0,"204":0,"205":0,"206":0,"207":0,"208":0,"209":0,"210":0,"211":0,"212":0,"213":0,"214":0,"215":2,"216":1,"217":1,"218":1,"219":0,"220":0,"221":1,"222":1,"223":2,"224":4,"225":2,"226":0,"227":2,"228":2,"229":2,"230":2,"231":2,"232":2,"233":0,"234":0,"235":2,"236":7,"237":8,"238":8,"239":0,"240":8,"241":2,"242":7,"243":7,"244":2,"245":2,"246":400,"247":2,"248":50,"249":2,"250":0,"251":0,"252":0,"253":0,"254":0,"255":0,"256":0,"257":2,"258":2,"259":2,"260":2,"261":2},"f":{"0":2,"1":8,"2":2,"3":2,"4":2,"5":11,"6":6,"7":6,"8":2,"9":2,"10":5,"11":1,"12":1,"13":1,"14":0,"15":2,"16":3,"17":1,"18":11,"19":2,"20":2,"21":2,"22":0,"23":3,"24":0,"25":0,"26":0,"27":0,"28":0,"29":0,"30":0,"31":0,"32":1,"33":0,"34":4,"35":0,"36":2,"37":7,"38":400,"39":50,"40":0,"41":0,"42":0,"43":2,"44":2},"b":{"0":[0,8],"1":[2,2],"2":[7,1,1,1,1],"3":[7,0],"4":[6,0],"5":[2,0],"6":[1,0],"7":[1,0],"8":[0,1],"9":[0,2],"10":[2,2],"11":[0,2],"12":[0,2],"13":[1,1],"14":[2,1],"15":[1,0],"16":[1,0],"17":[0,3],"18":[0,3],"19":[2,1],"20":[2,0],"21":[1,0],"22":[0,1],"23":[1,0],"24":[1,0],"25":[0,0],"26":[1,10],"27":[6,4],"28":[0,2],"29":[0,0],"30":[2,0],"31":[1,1],"32":[0,3],"33":[3,0],"34":[0,0],"35":[0,0],"36":[0,0],"37":[0,0],"38":[0,0],"39":[0,0],"40":[0,0],"41":[0,0],"42":[0,0],"43":[0,0],"44":[0,0],"45":[0,0],"46":[0,0],"47":[0,0],"48":[0,0],"49":[0,0,0],"50":[0,0],"51":[0,0],"52":[0,0],"53":[0,0],"54":[0,0],"55":[0,2],"56":[8,0],"57":[0,8],"58":[8,0],"59":[0,0]},"_coverageSchema":"332fd63041d2c1bcb487cc26dd0d5f7d97098a6c","hash":"da3af71855d216cc78ed690068c2517f0205c85d"}
,"/Users/markhayden/go/src/github.com/markhayden/lytics-stealth/src/interface/app/index.jsx": {"path":"/Users/markhayden/go/src/github.com/markhayden/lytics-stealth/src/interface/app/index.jsx","statementMap":{"0":{"start":{"line":1,"column":32},"end":{"line":1,"column":561}},"1":{"start":{"line":1,"column":87},"end":{"line":1,"column":352}},"2":{"start":{"line":1,"column":144},"end":{"line":1,"column":152}},"3":{"start":{"line":1,"column":153},"end":{"line":1,"column":208}},"4":{"start":{"line":1,"column":208},"end":{"line":1,"column":239}},"5":{"start":{"line":1,"column":239},"end":{"line":1,"column":293}},"6":{"start":{"line":1,"column":266},"end":{"line":1,"column":293}},"7":{"start":{"line":1,"column":293},"end":{"line":1,"column":351}},"8":{"start":{"line":1,"column":353},"end":{"line":1,"column":558}},"9":{"start":{"line":1,"column":409},"end":{"line":1,"column":477}},"10":{"start":{"line":1,"column":425},"end":{"line":1,"column":477}},"11":{"start":{"line":1,"column":477},"end":{"line":1,"column":537}},"12":{"start":{"line":1,"column":494},"end":{"line":1,"column":537}},"13":{"start":{"line":1,"column":537},"end":{"line":1,"column":556}},"14":{"start":{"line":1,"column":575},"end":{"line":1,"column":591}},"15":{"start":{"line":1,"column":606},"end":{"line":1,"column":636}},"16":{"start":{"line":2,"column":16},"end":{"line":2,"column":36}},"17":{"start":{"line":4,"column":12},"end":{"line":4,"column":40}},"18":{"start":{"line":4,"column":54},"end":{"line":4,"column":83}},"19":{"start":{"line":6,"column":15},"end":{"line":6,"column":45}},"20":{"start":{"line":6,"column":62},"end":{"line":6,"column":94}},"21":{"start":{"line":7,"column":15},"end":{"line":7,"column":45}},"22":{"start":{"line":7,"column":62},"end":{"line":7,"column":94}},"23":{"start":{"line":8,"column":18},"end":{"line":8,"column":50}},"24":{"start":{"line":8,"column":70},"end":{"line":8,"column":105}},"25":{"start":{"line":9,"column":13},"end":{"line":9,"column":39}},"26":{"start":{"line":9,"column":54},"end":{"line":9,"column":84}},"27":{"start":{"line":10,"column":16},"end":{"line":10,"column":45}},"28":{"start":{"line":10,"column":63},"end":{"line":10,"column":96}},"29":{"start":{"line":11,"column":24},"end":{"line":11,"column":62}},"30":{"start":{"line":11,"column":88},"end":{"line":11,"column":129}},"31":{"start":{"line":12,"column":21},"end":{"line":12,"column":56}},"32":{"start":{"line":12,"column":79},"end"
[...]
,"end":{"line":9,"column":58}},"35":{"start":{"line":10,"column":4},"end":{"line":10,"column":60}},"36":{"start":{"line":11,"column":4},"end":{"line":11,"column":54}},"37":{"start":{"line":11,"column":54},"end":{"line":11,"column":67}},"38":{"start":{"line":12,"column":3},"end":{"line":82,"column":10}},"39":{"start":{"line":15,"column":6},"end":{"line":15,"column":25}},"40":{"start":{"line":17,"column":17},"end":{"line":17,"column":46}},"41":{"start":{"line":18,"column":12},"end":{"line":18,"column":36}},"42":{"start":{"line":19,"column":13},"end":{"line":19,"column":38}},"43":{"start":{"line":20,"column":14},"end":{"line":20,"column":38}},"44":{"start":{"line":21,"column":15},"end":{"line":21,"column":40}},"45":{"start":{"line":24,"column":6},"end":{"line":24,"column":34}},"46":{"start":{"line":27,"column":6},"end":{"line":27,"column":58}},"47":{"start":{"line":28,"column":6},"end":{"line":28,"column":109}},"48":{"start":{"line":29,"column":6},"end":{"line":29,"column":43}},"49":{"start":{"line":33,"column":6},"end":{"line":33,"column":25}},"50":{"start":{"line":36,"column":6},"end":{"line":36,"column":36}},"51":{"start":{"line":39,"column":6},"end":{"line":44,"column":20}},"52":{"start":{"line":40,"column":8},"end":{"line":42,"column":94}},"53":{"start":{"line":48,"column":6},"end":{"line":48,"column":33}},"54":{"start":{"line":52,"column":6},"end":{"line":52,"column":35}},"55":{"start":{"line":56,"column":6},"end":{"line":64,"column":7}},"56":{"start":{"line":57,"column":8},"end":{"line":58,"column":117}},"57":{"start":{"line":61,"column":8},"end":{"line":62,"column":118}},"58":{"start":{"line":68,"column":6},"end":{"line":77,"column":259}},"59":{"start":{"line":82,"column":10},"end":{"line":82,"column":33}},"60":{"start":{"line":82,"column":62},"end":{"line":86,"column":16}}},"fnMap":{"0":{"name":"(anonymous_0)","decl":{"start":{"line":1,"column":94},"end":{"line":1,"column":95}},"loc":{"start":{"line":1,"column":106},"end":{"line":1,"column":621}},"line":1},"1":{"name":"defineProperties","decl":{"start":{"line":1,"column":116},"end":{"line":1,"column":132}},"loc":{"start":{"line":1,"column":148},"end":{"line":1,"column":415}},"line":1},"2":{"name":"(anonymous_2)","decl":{"start":{"line":1,"column":422},"end":{"line":1,"column":423}},"loc":{"start":{"line":1,"column":470},"end":{"line":1,"column":619}},"line":1},"3":{"name":"_interopRequireDefault","decl":{"start":{"line":1,"column":708},"end":{"line":1,"column":730}},"loc":{"start":{"line":1,"column":736},"end":{"line":1,"column":792}},"line":1},"4":{"name":"_classCallCheck","decl":{"start":{"line":1,"column":801},"end":{"line":1,"column":816}},"loc":{"start":{"line":1,"column":840},"end":{"line":1,"column":941}},"line":1},"5":{"name":"_possibleConstructorReturn","decl":{"start":{"line":1,"column":950},"end":{"line":1,"column":976}},"loc":{"start":{"line":1,"column":989},"end":{"line":1,"column":1176}},"line":1},"6":{"name":"_inherits","decl":{"start":{"line":1,"column":1185},"end":{"line":1,"column":1194}},"loc":{"start":{"line":1,"column":1217},"end":{"line":1,"column":1664}},"line":1},"7":{"name":"(anonymous_7)","decl":{"start":{"line":3,"column":18},"end":{"line":3,"column":19}},"loc":{"start":{"line":3,"column":46},"end":{"line":82,"column":34}},"line":3},"8":{"name":"ProfileSegments","decl":{"start":{"line":5,"column":11},"end":{"line":5,"column":26}},"loc":{"start":{"line":5,"column":34},"end":{"line":12,"column":3}},"line":5},"9":{"name":"clickHandler","decl":{"start":{"line":12,"column":73},"end":{"line":12,"column":85}},"loc":{"start":{"line":14,"column":7},"end":{"line":30,"column":5}},"line":14},"10":{"name":"_delete","decl":{"start":{"line":30,"column":42},"end":{"line":30,"column":49}},"loc":{"start":{"line":32,"column":13},"end":{"line":45,"column":5}},"line":32},"11":{"name":"(anonymous_11)","decl":{"start":{"line":39,"column":61},"end":{"line":39,"column":62}},"loc":{"start":{"line":39,"column":73},"end":{"line":44,"column":7}},"line":39},"12":{"name":"deleteSegment","decl":{"start":{"line":45,"column":49},"end":{"line":45,"column":62}},"loc":{"start":{"line":47,"column":7},"end":{"line":49,"column":5}},"line":47},"13":{"name":"deleteAffinity","decl":{"start":{"line":49,"column":50},"end":{"line":49,"column":64}},"loc":{"start":{"line":51,"column":7},"end":{"line":53,"column":5}},"line":51},"14":{"name":"eachSegment","decl":{"start":{"line":53,"column":47},"end":{"line":53,"column":58}},"loc":{"start":{"line":55,"column":19},"end":{"line":65,"column":5}},"line":55},"15":{"name":"render","decl":{"start":{"line":65,"column":42},"end":{"line":65,"column":48}},"loc":{"start":{"line":67,"column":4},"end":{"line":82,"column":5}},"line":67}},"branchMap":{"0":{"loc":{"start":{"line":1,"column":239},"end":{"line":1,"column":269}},"type":"binary-expr","locations":[{"start":{"line":1,"column":239},"end":{"line":1,"column":260}},{"start":{"line":1,"column":264},"end":{"line":1,"column":269}}],"line":1},"1":{"loc":{"start":{"line":1,"column":301},"end":{"line":1,"column":355}},"type":"if","locations":[{"start":{"line":1,"column":301},"end":{"line":1,"column":355}},{"start":{"line":1,"column":301},"end":{"line":1,"column":355}}],"line":1},"2":{"loc":{"start":{"line":1,"column":471},"end":{"line":1,"column":539}},"type":"if","locations":[{"start":{"line":1,"column":471},"end":{"line":1,"column":539}},{"start":{"line":1,"column":471},"end":{"line":1,"column":539}}],"line":1},"3":{"loc":{"start":{"line":1,"column":539},"end":{"line":1,"column":599}},"type":"if","locations":[{"start":{"line":1,"column":539},"end":{"line":1,"column":599}},{"start":{"line":1,"column":539},"end":{"line":1,"column":599}}],"line":1},"4":{"loc":{"start":{"line":1,"column":744},"end":{"line":1,"column":790}},"type":"cond-expr","locations":[{"start":{"line":1,"column":768},"end":{"line":1,"column":771}},{"start":{"line":1,"column":774},"end":{"line":1,"column":790}}],"line":1},"5":{"loc":{"start":{"line":1,"column":744},"end":{"line":1,"column":765}},"type":"binary-expr","locations":[{"start":{"line":1,"column":744},"end":{"line":1,"column":747}},{"start":{"line":1,"column":751},"end":{"line":1,"column":765}}],"line":1},"6":{"loc":{"start":{"line":1,"column":841},"end":{"line":1,"column":940}},"type":"if","locations":[{"start":{"line":1,"column":841},"end":{"line":1,"column":940}},{"start":{"line":1,"column":841},"end":{"line":1,"column":940}}],"line":1},"7":{"loc":{"start":{"line":1,"column":990},"end":{"line":1,"column":1089}},"type":"if","locations":[{"start":{"line":1,"column":990},"end":{"line":1,"column":1089}},{"start":{"line":1,"column":990},"end":{"line":1,"column":1089}}],"line":1},"8":{"loc":{"start":{"line":1,"column":1096},"end":{"line":1,"column":1174}},"type":"cond-expr","locations":[{"start":{"line":1,"column":1163},"end":{"line":1,"column":1167}},{"start":{"line":1,"column":1170},"end":{"line":1,"column":1174}}],"line":1},"9":{"loc":{"start":{"line":1,"column":1096},"end":{"line":1,"column":1160}},"type":"binary-expr","locations":[{"start":{"line":1,"column":1096},"end":{"line":1,"column":1100}},{"start":{"line":1,"column":1105},"end":{"line":1,"column":1129}},{"start":{"line":1,"column":1133},"end":{"line":1,"column":1159}}],"line":1},"10":{"loc":{"start":{"line":1,"column":1218},"end":{"line":1,"column":1381}},"type":"if","locations":[{"start":{"line":1,"column":1218},"end":{"line":1,"column":1381}},{"start":{"line":1,"column":1218},"end":{"line":1,"column":1381}}],"line":1},"11":{"loc":{"start":{"line":1,"column":1222},"end":{"line":1,"column":1277}},"type":"binary-expr","locations":[{"start":{"line":1,"column":1222},"end":{"line":1,"column":1254}},{"start":{"line":1,"column":1258},"end":{"line":1,"column":1277}}],"line":1},"12":{"loc":{"start":{"line":1,"column":1416},"end":{"line":1,"column":1450}},"type":"binary-expr","locations":[{"start":{"line":1,"column":1416},"end":{"line":1,"column":1426}},{"start":{"line":1,"column":1430},"end":{"line":1,"column":1450}}],"line":1},"13":{"loc":{"start":{"line":1,"column":1545},"end":{"line":1,"column":1663}},"type":"if","locations":[{"start":{"line":1,"column":1545},"end":{"line":1,"column":1663}},{"start":{"line":1,"column":1545},"end":{"line":1,"column":1663}}],"line":1},"14":{"loc":{"start":{"line":1,"column":1561},"end":{"line":1,"column":1662}},"type":"cond-expr","locations":[{"start":{"line":1,"column":1585},"end":{"line":1,"column":1628}},{"start":{"line":1,"column":1631},"end":{"line":1,"column":1662}}],"line":1},"15":{"loc":{"start":{"line":5,"column":120},"end":{"line":5,"column":187}},"type":"binary-expr","locations":[{"start":{"line":5,"column":120},"end":{"line":5,"column":145}},{"start":{"line":5,"column":149},"end":{"line":5,"column":187}}],"line":5},"16":{"loc":{"start":{"line":56,"column":6},"end":{"line":64,"column":7}},"type":"if","locations":[{"start":{"line":56,"column":6},"end":{"line":64,"column":7}},{"start":{"line":56,"column":6},"end":{"line":64,"column":7}}],"line":56},"17":{"loc":{"start":{"line":75,"column":12},"end":{"line":75,"column":144}},"type":"cond-expr","locations":[{"start":{"line":75,"column":45},"end":{"line":75,"column":92}},{"start":{"line":75,"column":95},"end":{"line":75,"column":144}}],"line":75},"18":{"loc":{"start":{"line":77,"column":126},"end":{"line":77,"column":184}},"type":"cond-expr","locations":[{"start":{"line":77,"column":159},"end":{"line":77,"column":169}},{"start":{"line":77,"column":172},"end":{"line":77,"column":184}}],"line":77},"19":{"loc":{"start":{"line":77,"column":188},"end":{"line":77,"column":253}},"type":"cond-expr","locations":[{"start":{"line":77,"column":221},"end":{"line":77,"column":234}},{"start":{"line":77,"column":237},"end":{"line":77,"column":253}}],"line":77}},"s":{"0":0,"1":0,"2":0,"3":0,"4":0,"5":0,"6":0,"7":0,"8":0,"9":0,"10":0,"11":0,"12":0,"13":0,"14":0,"15":0,"16":0,"17":0,"18":0,"19":0,"20":0,"21":0,"22":0,"23":0,"24":0,"25":0,"26":0,"27":0,"28":0,"29":0,"30":0,"31":0,"32":0,"33":0,"34":0,"35":0,"36":0,"37":0,"38":0,"39":0,"40":0,"41":0,"42":0,"43":0,"44":0,"45":0,"46":0,"47":0,"48":0,"49":0,"50":0,"51":0,"52":0,"53":0,"54":0,"55":0,"56":0,"57":0,"58":0,"59":0,"60":0},"f":{"0":0,"1":0,"2":0,"3":0,"4":0,"5":0,"6":0,"7":0,"8":0,"9":0,"10":0,"11":0,"12":0,"13":0,"14":0,"15":0},"b":{"0":[0,0],"1":[0,0],"2":[0,0],"3":[0,0],"4":[0,0],"5":[0,0],"6":[0,0],"7":[0,0],"8":[0,0],"9":[0,0,0],"10":[0,0],"11":[0,0],"12":[0,0],"13":[0,0],"14":[0,0],"15":[0,0],"16":[0,0],"17":[0,0],"18":[0,0],"19":[0,0]}}
,"/Users/markhayden/go/src/github.com/markhayden/lytics-stealth/src/settings/app/profile/wrapper.jsx": {"path":"/Users/markhayden/go/src/github.com/markhayden/lytics-stealth/src/settings/app/profile/wrapper.jsx","statementMap":{"0":{"start":{"line":1,"column":13},"end":{"line":1,"column":75}},"1":{"start":{"line":1,"column":94},"end":{"line":1,"column":623}},"2":{"start":{"line":1,"column":149},"end":{"line":1,"column":414}},"3":{"start":{"line":1,"column":206},"end":{"line":1,"column":214}},"4":{"start":{"line":1,"column":215},"end":{"line":1,"column":270}},"5":{"start":{"line":1,"column":270},"end":{"line":1,"column":301}},"6":{"start":{"line":1,"column":301},"end":{"line":1,"column":355}},"7":{"start":{"line":1,"column":328},"end":{"line":1,"column":355}},"8":{"start":{"line":1,"column":355},"end":{"line":1,"column":413}},"9":{"start":{"line":1,"column":415},"end":{"line":1,"column":620}},"10":{"start":{"line":1,"column":471},"end":{"line":1,"column":539}},"11":{"start":{"line":1,"column":487},"end":{"line":1,"column":539}},"12":{"start":{"line":1,"column":539},"end":{"line":1,"column":599}},"13":{"start":{"line":1,"column":556},"end":{"line":1,"column":599}},"14":{"start":{"line":1,"column":599},"end":{"line":1,"column":618}},"15":{"start":{"line":1,"column":637},"end":{"line":1,"column":653}},"16":{"start":{"line":1,"column":668},"end":{"line":1,"column":698}},"17":{"start":{"line":2,"column":15},"end":{"line":2,"column":39}},"18":{"start":{"line":2,"column":56},"end":{"line":2,"column":88}},"19":{"start":{"line":2,"column":127},"end":{"line":2,"column":181}},"20":{"start":{"line":2,"column":231},"end":{"line":2,"column":330}},"21":{"start":{"line":2,"column":272},"end":{"line":2,"column":329}},"22":{"start":{"line":2,"column":380},"end":{"line":2,"column":479}},"23":{"start":{"line":2,"column":392},"end":{"line":2,"column":478}},"24":{"start":{"line":2,"column":479},"end":{"line":2,"column":565}},"25":{"start":{"line":2,"column":608},"end":{"line":2,"column":771}},"26":{"start":{"line":2,"column":670},"end":{"line":2,"column":770}},"27":{"start":{"line":2,"column":771},"end":{"line":2,"column":935}},"28":{"start":{"line":2,"column":935},"end":{"line":2,"column":1053}},"29":{"start":{"line":2,"column":951},"end":{"line":2,"column":1053}},"30":{"start":{"line":4,"column":17},"end":{"line":23,"column":60}},"31":{"start":{"line":4,"column":46},"end":{"line":4,"column":90}},"32":{"start":{"line":6,"column":34},"end":{"line":6,"column":72}},"33":{"start":{"line":6,"column":84},"end":{"line":7,"column":11}},"34":{"start":{"line":8,"column":4},"end":{"line":8,"column":54}},"35":{"start":{"line":8,"column":54},"end":{"line":8,"column":67}},"36":{"start":{"line":9,"column":3},"end":{"line":23,"column":10}},"37":{"start":{"line":12,"column":6},"end":{"line":13,"column":189}},"38":{"start":{"line":18,"column":6},"end":{"line":20,"column":60}},"39":{"start":{"line":23,"column":10},"end":{"line":23,"column":32}},"40":{"start":{"line":23,"column":61},"end":{"line":27,"column":15}}},"fnMap":{"0":{"name":"(anonymous_0)","decl":{"start":{"line":1,"column":94},"end":{"line":1,"column":95}},"loc":{"start":{"line":1,"column":106},"end":{"line":1,"column":621}},"line":1},"1":{"name":"defineProperties","decl":{"start":{"line":1,"column":116},"end":{"line":1,"column":132}},"loc":{"start":{"line":1,"column":148},"end":{"line":1,"column":415}},"line":1},"2":{"name":"(anonymous_2)","decl":{"start":{"line":1,"column":422},"end":{"line":1,"column":423}},"loc":{"start":{"line":1,"column":470},"end":{"line":1,"column":619}},"line":1},"3":{"name":"_interopRequireDefault","decl":{"start":{"line":2,"column":98},"end":{"line":2,"column":120}},"loc":{"start":{"line":2,"column":126},"end":{"line":2,"column":182}},"line":2},"4":{"name":"_classCallCheck","decl":{"start":{"line":2,"column":191},"end":{"line":2,"column":206}},"loc":{"start":{"line":2,"column":230},"end":{"line":2,"column":331}},"line":2},"5":{"name":"_possibleConstructorReturn","decl":{"start":{"line":2,"column":340},"end":{"line":2,"column":366}},"loc":{"start":{"line":2,"column":379},"end":{"line":2,"column":566}},"line":2},"6":{"name":"_inherits","decl":{"start":{"line":2,"column":575},"end":{"line":2,"column":584}},"loc":{"start":{"line":2,"column":607},"end":{"line":2,"column":1054}},"line":2},"7":{"name":"(anonymous_7)","decl":{"start":{"line":4,"column":17},"end":{"line":4,"column":18}},"loc":{"start":{"line":4,"column":45},"end":{"line":23,"column":33}},"line":4},"8":{"name":"ProfileWrapper","decl":{"start":{"line":6,"column":11},"end":{"line":6,"column":25}},"loc":{"start":{"line":6,"column":33},"end":{"line":9,"column":3}},"line":6},"9":{"name":"eachProfile","decl":{"start":{"line":9,"column":71},"end":{"line":9,"column":82}},"loc":{"start":{"line":11,"column":13},"end":{"line":15,"column":5}},"line":11},"10":{"name":"render","decl":{"start":{"line":15,"column":42},"end":{"line":15,"column":48}},"loc":{"start":{"line":17,"column":4},"end":{"line":23,"column":5}},"line":17}},"branchMap":{"0":{"loc":{"start":{"line":1,"column":239},"end":{"line":1,"column":269}},"type":"binary-expr","locations":[{"start":{"line":1,"column":239},"end":{"line":1,"column":260}},{"start":{"line":1,"column":264},"end":{"line":1,"column":269}}],"line":1},"1":{"loc":{"start":{"line":1,"column":301},"end":{"line":1,"column":355}},"type":"if","locations":[{"start":{"line":1,"column":301},"end":{"line":1,"column":355}},{"start":{"line":1,"column":301},"end":{"line":1,"column":355}}],"line":1},"2":{"loc":{"start":{"line":1,"column":471},"end":{"line":1,"column":539}},"type":"if","locations":[{"start":{"line":1,"column":471},"end":{"line":1,"column":539}},{"start":{"line":1,"column":471},"end":{"line":1,"column":539}}],"line":1},"3":{"loc":{"start":{"line":1,"column":539},"end":{"line":1,"column":599}},"type":"if","locations":[{"start":{"line":1,"column":539},"end":{"line":1,"column":599}},{"start":{"line":1,"column":539},"end":{"line":1,"column":599}}],"line":1},"4":{"loc":{"start":{"line":2,"column":134},"end":{"line":2,"column":180}},"type":"cond-expr","locations":[{"start":{"line":2,"column":158},"end":{"line":2,"column":161}},{"start":{"line":2,"column":164},"end":{"line":2,"column":180}}],"line":2},"5":{"loc":{"start":{"line":2,"column":134},"end":{"line":2,"column":155}},"type":"binary-expr","locations":[{"start":{"line":2,"column":134},"end":{"line":2,"column":137}},{"start":{"line":2,"column":141},"end":{"line":2,"column":155}}],"line":2},"6":{"loc":{"start":{"line":2,"column":231},"end":{"line":2,"column":330}},"type":"if","locations":[{"start":{"line":2,"column":231},"end":{"line":2,"column":330}},{"start":{"line":2,"column":231},"end":{"line":2,"column":330}}],"line":2},"7":{"loc":{"start":{"line":2,"column":380},"end":{"line":2,"column":479}},"type":"if","locations":[{"start":{"line":2,"column":380},"end":{"line":2,"column":479}},{"start":{"line":2,"column":380},"end":{"line":2,"column":479}}],"line":2},"8":{"loc":{"start":{"line":2,"column":486},"end":{"line":2,"column":564}},"type":"cond-expr","locations":[{"start":{"line":2,"column":553},"end":{"line":2,"column":557}},{"start":{"line":2,"column":560},"end":{"line":2,"column":564}}],"line":2},"9":{"loc":{"start":{"line":2,"column":486},"end":{"line":2,"column":550}},"type":"binary-expr","locations":[{"start":{"line":2,"column":486},"end":{"line":2,"column":490}},{"start":{"line":2,"column":495},"end":{"line":2,"column":519}},{"start":{"line":2,"column":523},"end":{"line":2,"column":549}}],"line":2},"10":{"loc":{"start":{"line":2,"column":608},"end":{"line":2,"column":771}},"type":"if","locations":[{"start":{"line":2,"column":608},"end":{"line":2,"column":771}},{"start":{"line":2,"column":608},"end":{"line":2,"column":771}}],"line":2},"11":{"loc":{"start":{"line":2,"column":612},"end":{"line":2,"column":667}},"type":"binary-expr","locations":[{"start":{"line":2,"column":612},"end":{"line":2,"column":644}},{"start":{"line":2,"column":648},"end":{"line":2,"column":667}}],"line":2},"12":{"loc":{"start":{"line":2,"column":806},"end":{"line":2,"column":840}},"type":"binary-expr","locations":[{"start":{"line":2,"column":806},"end":{"line":2,"column":816}},{"start":{"line":2,"column":820},"end":{"line":2,"column":840}}],"line":2},"13":{"loc":{"start":{"line":2,"column":935},"end":{"line":2,"column":1053}},"type":"if","locations":[{"start":{"line":2,"column":935},"end":{"line":2,"column":1053}},{"start":{"line":2,"column":935},"end":{"line":2,"column":1053}}],"line":2},"14":{"loc":{"start":{"line":2,"column":951},"end":{"line":2,"column":1052}},"type":"cond-expr","locations":[{"start":{"line":2,"column":975},"end":{"line":2,"column":1018}},{"start":{"line":2,"column":1021},"end":{"line":2,"column":1052}}],"line":2},"15":{"loc":{"start":{"line":6,"column":118},"end":{"line":6,"column":183}},"type":"binary-expr","locations":[{"start":{"line":6,"column":118},"end":{"line":6,"column":142}},{"start":{"line":6,"column":146},"end":{"line":6,"column":183}}],"line":6}},"s":{"0":0,"1":0,"2":0,"3":0,"4":0,"5":0,"6":0,"7":0,"8":0,"9":0,"10":0,"11":0,"12":0,"13":0,"14":0,"15":0,"16":0,"17":0,"18":0,"19":0,"20":0,"21":0,"22":0,"23":0,"24":0,"25":0,"26":0,"27":0,"28":0,"29":0,"30":0,"31":0,"32":0,"33":0,"34":0,"35":0,"36":0,"37":0,"38":0,"39":0,"40":0},"f":{"0":0,"1":0,"2":0,"3":0,"4":0,"5":0,"6":0,"7":0,"8":0,"9":0,"10":0},"b":{"0":[0,0],"1":[0,0],"2":[0,0],"3":[0,0],"4":[0,0],"5":[0,0],"6":[0,0],"7":[0,0],"8":[0,0],"9":[0,0,0],"10":[0,0],"11":[0,0],"12":[0,0],"13":[0,0],"14":[0,0],"15":[0,0]}}
}
